2019-03-09 18:37:54.9783||DEBUG|OGL.Web.Program|init main |url: |action: 
2019-03-09 18:38:47.8107||DEBUG|OGL.Web.Program|init main |url: |action: 
2019-03-09 18:41:26.1186||DEBUG|OGL.Web.Program|init main |url: |action: 
2019-03-09 18:41:35.0486|1|ERROR|Microsoft.AspNetCore.Diagnostics.DeveloperExceptionPageMiddleware|An unhandled exception has occurred while executing the request. Autofac.Core.DependencyResolutionException: An error occurred during the activation of a particular registration. See the inner exception for details. Registration: Activator = UserService (ReflectionActivator), Services = [OGL.Infrastructure.Services.IUserService, OGL.Infrastructure.Services.IService], Lifetime = Autofac.Core.Lifetime.CurrentScopeLifetime, Sharing = Shared, Ownership = OwnedByLifetimeScope ---> None of the constructors found with 'Autofac.Core.Activators.Reflection.DefaultConstructorFinder' on type 'OGL.Infrastructure.Services.UserService' can be invoked with the available services and parameters:
Cannot resolve parameter 'OGL.Infrastructure.Services.IEncrypter encrypter' of constructor 'Void .ctor(OGL.Core.Repositories.IUserRepository, AutoMapper.IMapper, OGL.Infrastructure.Services.IEncrypter)'. (See inner exception for details.) ---> Autofac.Core.DependencyResolutionException: None of the constructors found with 'Autofac.Core.Activators.Reflection.DefaultConstructorFinder' on type 'OGL.Infrastructure.Services.UserService' can be invoked with the available services and parameters:
Cannot resolve parameter 'OGL.Infrastructure.Services.IEncrypter encrypter' of constructor 'Void .ctor(OGL.Core.Repositories.IUserRepository, AutoMapper.IMapper, OGL.Infrastructure.Services.IEncrypter)'.
   at Autofac.Core.Activators.Reflection.ReflectionActivator.GetValidConstructorBindings(IComponentContext context, IEnumerable`1 parameters) in C:\projects\autofac\src\Autofac\Core\Activators\Reflection\ReflectionActivator.cs:line 160
   at Autofac.Core.Activators.Reflection.ReflectionActivator.ActivateInstance(IComponentContext context, IEnumerable`1 parameters) in C:\projects\autofac\src\Autofac\Core\Activators\Reflection\ReflectionActivator.cs:line 120
   at Autofac.Core.Resolving.InstanceLookup.Activate(IEnumerable`1 parameters, Object& decoratorTarget) in C:\projects\autofac\src\Autofac\Core\Resolving\InstanceLookup.cs:line 115
   --- End of inner exception stack trace ---
   at Autofac.Core.Resolving.InstanceLookup.Activate(IEnumerable`1 parameters, Object& decoratorTarget) in C:\projects\autofac\src\Autofac\Core\Resolving\InstanceLookup.cs:line 133
   at Autofac.Core.Lifetime.LifetimeScope.GetOrCreateAndShare(Guid id, Func`1 creator) in C:\projects\autofac\src\Autofac\Core\Lifetime\LifetimeScope.cs:line 306
   at Autofac.Core.Resolving.InstanceLookup.Execute() in C:\projects\autofac\src\Autofac\Core\Resolving\InstanceLookup.cs:line 82
   at Autofac.Core.Resolving.ResolveOperation.GetOrCreateInstance(ISharingLifetimeScope currentOperationScope, IComponentRegistration registration, IEnumerable`1 parameters) in C:\projects\autofac\src\Autofac\Core\Resolving\ResolveOperation.cs:line 130
   at Autofac.Core.Resolving.ResolveOperation.Execute(IComponentRegistration registration, IEnumerable`1 parameters) in C:\projects\autofac\src\Autofac\Core\Resolving\ResolveOperation.cs:line 83
   at Autofac.ResolutionExtensions.TryResolveService(IComponentContext context, Service service, IEnumerable`1 parameters, Object& instance) in C:\projects\autofac\src\Autofac\ResolutionExtensions.cs:line 1041
   at Autofac.ResolutionExtensions.ResolveOptionalService(IComponentContext context, Service service, IEnumerable`1 parameters) in C:\projects\autofac\src\Autofac\ResolutionExtensions.cs:line 814
   at Microsoft.Extensions.DependencyInjection.ActivatorUtilities.GetService(IServiceProvider sp, Type type, Type requiredBy, Boolean isDefaultParameterRequired)
   at lambda_method(Closure , IServiceProvider , Object[] )
   at Microsoft.AspNetCore.Mvc.Controllers.ControllerFactoryProvider.<>c__DisplayClass5_0.<CreateControllerFactory>g__CreateController|0(ControllerContext controllerContext)
   at Microsoft.AspNetCore.Mvc.Internal.ControllerActionInvoker.Next(State& next, Scope& scope, Object& state, Boolean& isCompleted)
   at Microsoft.AspNetCore.Mvc.Internal.ControllerActionInvoker.InvokeInnerFilterAsync()
   at Microsoft.AspNetCore.Mvc.Internal.ResourceInvoker.InvokeNextResourceFilter()
   at Microsoft.AspNetCore.Mvc.Internal.ResourceInvoker.Rethrow(ResourceExecutedContext context)
   at Microsoft.AspNetCore.Mvc.Internal.ResourceInvoker.Next(State& next, Scope& scope, Object& state, Boolean& isCompleted)
   at Microsoft.AspNetCore.Mvc.Internal.ResourceInvoker.InvokeFilterPipelineAsync()
   at Microsoft.AspNetCore.Mvc.Internal.ResourceInvoker.InvokeAsync()
   at Microsoft.AspNetCore.Builder.RouterMiddleware.Invoke(HttpContext httpContext)
   at Microsoft.AspNetCore.Authentication.AuthenticationMiddleware.Invoke(HttpContext context)
   at Microsoft.AspNetCore.Diagnostics.DeveloperExceptionPageMiddleware.Invoke(HttpContext context)|url: https://localhost/users/user1@email.com|action: GetAsync
2019-03-09 19:11:07.7093||DEBUG|OGL.Web.Program|init main |url: |action: 
2019-03-09 19:14:59.8541||DEBUG|OGL.Web.Program|init main |url: |action: 
2019-03-09 19:15:26.6612|1|ERROR|Microsoft.AspNetCore.Diagnostics.DeveloperExceptionPageMiddleware|An unhandled exception has occurred while executing the request. Autofac.Core.DependencyResolutionException: An error occurred during the activation of a particular registration. See the inner exception for details. Registration: Activator = UserService (ReflectionActivator), Services = [OGL.Infrastructure.Services.IUserService, OGL.Infrastructure.Services.IService], Lifetime = Autofac.Core.Lifetime.CurrentScopeLifetime, Sharing = Shared, Ownership = OwnedByLifetimeScope ---> None of the constructors found with 'Autofac.Core.Activators.Reflection.DefaultConstructorFinder' on type 'OGL.Infrastructure.Services.UserService' can be invoked with the available services and parameters:
Cannot resolve parameter 'OGL.Infrastructure.Services.IEncrypter encrypter' of constructor 'Void .ctor(OGL.Core.Repositories.IUserRepository, AutoMapper.IMapper, OGL.Infrastructure.Services.IEncrypter)'. (See inner exception for details.) ---> Autofac.Core.DependencyResolutionException: None of the constructors found with 'Autofac.Core.Activators.Reflection.DefaultConstructorFinder' on type 'OGL.Infrastructure.Services.UserService' can be invoked with the available services and parameters:
Cannot resolve parameter 'OGL.Infrastructure.Services.IEncrypter encrypter' of constructor 'Void .ctor(OGL.Core.Repositories.IUserRepository, AutoMapper.IMapper, OGL.Infrastructure.Services.IEncrypter)'.
   at Autofac.Core.Activators.Reflection.ReflectionActivator.GetValidConstructorBindings(IComponentContext context, IEnumerable`1 parameters) in C:\projects\autofac\src\Autofac\Core\Activators\Reflection\ReflectionActivator.cs:line 160
   at Autofac.Core.Activators.Reflection.ReflectionActivator.ActivateInstance(IComponentContext context, IEnumerable`1 parameters) in C:\projects\autofac\src\Autofac\Core\Activators\Reflection\ReflectionActivator.cs:line 120
   at Autofac.Core.Resolving.InstanceLookup.Activate(IEnumerable`1 parameters, Object& decoratorTarget) in C:\projects\autofac\src\Autofac\Core\Resolving\InstanceLookup.cs:line 115
   --- End of inner exception stack trace ---
   at Autofac.Core.Resolving.InstanceLookup.Activate(IEnumerable`1 parameters, Object& decoratorTarget) in C:\projects\autofac\src\Autofac\Core\Resolving\InstanceLookup.cs:line 133
   at Autofac.Core.Lifetime.LifetimeScope.GetOrCreateAndShare(Guid id, Func`1 creator) in C:\projects\autofac\src\Autofac\Core\Lifetime\LifetimeScope.cs:line 306
   at Autofac.Core.Resolving.InstanceLookup.Execute() in C:\projects\autofac\src\Autofac\Core\Resolving\InstanceLookup.cs:line 82
   at Autofac.Core.Resolving.ResolveOperation.GetOrCreateInstance(ISharingLifetimeScope currentOperationScope, IComponentRegistration registration, IEnumerable`1 parameters) in C:\projects\autofac\src\Autofac\Core\Resolving\ResolveOperation.cs:line 130
   at Autofac.Core.Resolving.ResolveOperation.Execute(IComponentRegistration registration, IEnumerable`1 parameters) in C:\projects\autofac\src\Autofac\Core\Resolving\ResolveOperation.cs:line 83
   at Autofac.ResolutionExtensions.TryResolveService(IComponentContext context, Service service, IEnumerable`1 parameters, Object& instance) in C:\projects\autofac\src\Autofac\ResolutionExtensions.cs:line 1041
   at Autofac.ResolutionExtensions.ResolveOptionalService(IComponentContext context, Service service, IEnumerable`1 parameters) in C:\projects\autofac\src\Autofac\ResolutionExtensions.cs:line 814
   at Microsoft.Extensions.DependencyInjection.ActivatorUtilities.GetService(IServiceProvider sp, Type type, Type requiredBy, Boolean isDefaultParameterRequired)
   at lambda_method(Closure , IServiceProvider , Object[] )
   at Microsoft.AspNetCore.Mvc.Controllers.ControllerFactoryProvider.<>c__DisplayClass5_0.<CreateControllerFactory>g__CreateController|0(ControllerContext controllerContext)
   at Microsoft.AspNetCore.Mvc.Internal.ControllerActionInvoker.Next(State& next, Scope& scope, Object& state, Boolean& isCompleted)
   at Microsoft.AspNetCore.Mvc.Internal.ControllerActionInvoker.InvokeInnerFilterAsync()
   at Microsoft.AspNetCore.Mvc.Internal.ResourceInvoker.InvokeNextResourceFilter()
   at Microsoft.AspNetCore.Mvc.Internal.ResourceInvoker.Rethrow(ResourceExecutedContext context)
   at Microsoft.AspNetCore.Mvc.Internal.ResourceInvoker.Next(State& next, Scope& scope, Object& state, Boolean& isCompleted)
   at Microsoft.AspNetCore.Mvc.Internal.ResourceInvoker.InvokeFilterPipelineAsync()
   at Microsoft.AspNetCore.Mvc.Internal.ResourceInvoker.InvokeAsync()
   at Microsoft.AspNetCore.Builder.RouterMiddleware.Invoke(HttpContext httpContext)
   at Microsoft.AspNetCore.Authentication.AuthenticationMiddleware.Invoke(HttpContext context)
   at Microsoft.AspNetCore.Diagnostics.DeveloperExceptionPageMiddleware.Invoke(HttpContext context)|url: https://localhost/users/user1@email.com|action: GetAsync
2019-03-09 19:15:27.1726|1|ERROR|Microsoft.AspNetCore.Diagnostics.DeveloperExceptionPageMiddleware|An unhandled exception has occurred while executing the request. Autofac.Core.DependencyResolutionException: An error occurred during the activation of a particular registration. See the inner exception for details. Registration: Activator = UserService (ReflectionActivator), Services = [OGL.Infrastructure.Services.IUserService, OGL.Infrastructure.Services.IService], Lifetime = Autofac.Core.Lifetime.CurrentScopeLifetime, Sharing = Shared, Ownership = OwnedByLifetimeScope ---> None of the constructors found with 'Autofac.Core.Activators.Reflection.DefaultConstructorFinder' on type 'OGL.Infrastructure.Services.UserService' can be invoked with the available services and parameters:
Cannot resolve parameter 'OGL.Infrastructure.Services.IEncrypter encrypter' of constructor 'Void .ctor(OGL.Core.Repositories.IUserRepository, AutoMapper.IMapper, OGL.Infrastructure.Services.IEncrypter)'. (See inner exception for details.) ---> Autofac.Core.DependencyResolutionException: None of the constructors found with 'Autofac.Core.Activators.Reflection.DefaultConstructorFinder' on type 'OGL.Infrastructure.Services.UserService' can be invoked with the available services and parameters:
Cannot resolve parameter 'OGL.Infrastructure.Services.IEncrypter encrypter' of constructor 'Void .ctor(OGL.Core.Repositories.IUserRepository, AutoMapper.IMapper, OGL.Infrastructure.Services.IEncrypter)'.
   at Autofac.Core.Activators.Reflection.ReflectionActivator.GetValidConstructorBindings(IComponentContext context, IEnumerable`1 parameters) in C:\projects\autofac\src\Autofac\Core\Activators\Reflection\ReflectionActivator.cs:line 160
   at Autofac.Core.Activators.Reflection.ReflectionActivator.ActivateInstance(IComponentContext context, IEnumerable`1 parameters) in C:\projects\autofac\src\Autofac\Core\Activators\Reflection\ReflectionActivator.cs:line 120
   at Autofac.Core.Resolving.InstanceLookup.Activate(IEnumerable`1 parameters, Object& decoratorTarget) in C:\projects\autofac\src\Autofac\Core\Resolving\InstanceLookup.cs:line 115
   --- End of inner exception stack trace ---
   at Autofac.Core.Resolving.InstanceLookup.Activate(IEnumerable`1 parameters, Object& decoratorTarget) in C:\projects\autofac\src\Autofac\Core\Resolving\InstanceLookup.cs:line 133
   at Autofac.Core.Lifetime.LifetimeScope.GetOrCreateAndShare(Guid id, Func`1 creator) in C:\projects\autofac\src\Autofac\Core\Lifetime\LifetimeScope.cs:line 306
   at Autofac.Core.Resolving.InstanceLookup.Execute() in C:\projects\autofac\src\Autofac\Core\Resolving\InstanceLookup.cs:line 82
   at Autofac.Core.Resolving.ResolveOperation.GetOrCreateInstance(ISharingLifetimeScope currentOperationScope, IComponentRegistration registration, IEnumerable`1 parameters) in C:\projects\autofac\src\Autofac\Core\Resolving\ResolveOperation.cs:line 130
   at Autofac.Core.Resolving.ResolveOperation.Execute(IComponentRegistration registration, IEnumerable`1 parameters) in C:\projects\autofac\src\Autofac\Core\Resolving\ResolveOperation.cs:line 83
   at Autofac.ResolutionExtensions.TryResolveService(IComponentContext context, Service service, IEnumerable`1 parameters, Object& instance) in C:\projects\autofac\src\Autofac\ResolutionExtensions.cs:line 1041
   at Autofac.ResolutionExtensions.ResolveOptionalService(IComponentContext context, Service service, IEnumerable`1 parameters) in C:\projects\autofac\src\Autofac\ResolutionExtensions.cs:line 814
   at Microsoft.Extensions.DependencyInjection.ActivatorUtilities.GetService(IServiceProvider sp, Type type, Type requiredBy, Boolean isDefaultParameterRequired)
   at lambda_method(Closure , IServiceProvider , Object[] )
   at Microsoft.AspNetCore.Mvc.Controllers.ControllerFactoryProvider.<>c__DisplayClass5_0.<CreateControllerFactory>g__CreateController|0(ControllerContext controllerContext)
   at Microsoft.AspNetCore.Mvc.Internal.ControllerActionInvoker.Next(State& next, Scope& scope, Object& state, Boolean& isCompleted)
   at Microsoft.AspNetCore.Mvc.Internal.ControllerActionInvoker.InvokeInnerFilterAsync()
   at Microsoft.AspNetCore.Mvc.Internal.ResourceInvoker.InvokeNextResourceFilter()
   at Microsoft.AspNetCore.Mvc.Internal.ResourceInvoker.Rethrow(ResourceExecutedContext context)
   at Microsoft.AspNetCore.Mvc.Internal.ResourceInvoker.Next(State& next, Scope& scope, Object& state, Boolean& isCompleted)
   at Microsoft.AspNetCore.Mvc.Internal.ResourceInvoker.InvokeFilterPipelineAsync()
   at Microsoft.AspNetCore.Mvc.Internal.ResourceInvoker.InvokeAsync()
   at Microsoft.AspNetCore.Builder.RouterMiddleware.Invoke(HttpContext httpContext)
   at Microsoft.AspNetCore.Authentication.AuthenticationMiddleware.Invoke(HttpContext context)
   at Microsoft.AspNetCore.Diagnostics.DeveloperExceptionPageMiddleware.Invoke(HttpContext context)|url: https://localhost/users/user1@email.com|action: GetAsync
