2019-03-28 09:31:05.5311||DEBUG|OGL.Web.Program|init main |url: |action: 
2019-03-28 09:31:11.5254||TRACE|OGL.Infrastructure.Services.DataInitializer|Initializing data.. |url: |action: 
2019-03-28 09:31:11.5574||TRACE|OGL.Infrastructure.Services.DataInitializer|Adding user: user1 |url: |action: 
2019-03-28 09:31:11.5758||TRACE|OGL.Infrastructure.Services.DataInitializer|Adding user: user2 |url: |action: 
2019-03-28 09:31:11.6021||TRACE|OGL.Infrastructure.Services.DataInitializer|Adding user: user3 |url: |action: 
2019-03-28 09:31:11.6196||TRACE|OGL.Infrastructure.Services.DataInitializer|Adding user: user4 |url: |action: 
2019-03-28 09:31:11.6407||TRACE|OGL.Infrastructure.Services.DataInitializer|Adding user: user5 |url: |action: 
2019-03-28 09:31:11.6542||TRACE|OGL.Infrastructure.Services.DataInitializer|Adding user: user6 |url: |action: 
2019-03-28 09:31:11.6763||TRACE|OGL.Infrastructure.Services.DataInitializer|Adding user: user7 |url: |action: 
2019-03-28 09:31:11.6910||TRACE|OGL.Infrastructure.Services.DataInitializer|Adding user: user8 |url: |action: 
2019-03-28 09:31:11.7168||TRACE|OGL.Infrastructure.Services.DataInitializer|Adding user: user9 |url: |action: 
2019-03-28 09:31:11.7426||TRACE|OGL.Infrastructure.Services.DataInitializer|Adding user: user10 |url: |action: 
2019-03-28 09:31:11.7607||TRACE|OGL.Infrastructure.Services.DataInitializer|Adding admin: adminuser1 |url: |action: 
2019-03-28 09:31:11.7775||TRACE|OGL.Infrastructure.Services.DataInitializer|Adding admin: adminuser2 |url: |action: 
2019-03-28 09:31:11.7930||TRACE|OGL.Infrastructure.Services.DataInitializer|Adding admin: adminuser3 |url: |action: 
2019-03-28 09:31:11.8070||TRACE|OGL.Infrastructure.Services.DataInitializer|Adding admin: adminuser4 |url: |action: 
2019-03-28 14:26:44.2495||DEBUG|OGL.Web.Program|init main |url: |action: 
2019-03-28 14:26:48.8213||TRACE|OGL.Infrastructure.Services.DataInitializer|Initializing data.. |url: |action: 
2019-03-28 14:26:48.8589||TRACE|OGL.Infrastructure.Services.DataInitializer|Adding user: user1 |url: |action: 
2019-03-28 14:26:48.8803||TRACE|OGL.Infrastructure.Services.DataInitializer|Adding user: user2 |url: |action: 
2019-03-28 14:26:48.8970||TRACE|OGL.Infrastructure.Services.DataInitializer|Adding user: user3 |url: |action: 
2019-03-28 14:26:48.9142||TRACE|OGL.Infrastructure.Services.DataInitializer|Adding user: user4 |url: |action: 
2019-03-28 14:26:48.9292||TRACE|OGL.Infrastructure.Services.DataInitializer|Adding user: user5 |url: |action: 
2019-03-28 14:26:48.9428||TRACE|OGL.Infrastructure.Services.DataInitializer|Adding user: user6 |url: |action: 
2019-03-28 14:26:48.9564||TRACE|OGL.Infrastructure.Services.DataInitializer|Adding user: user7 |url: |action: 
2019-03-28 14:26:48.9699||TRACE|OGL.Infrastructure.Services.DataInitializer|Adding user: user8 |url: |action: 
2019-03-28 14:26:48.9699||TRACE|OGL.Infrastructure.Services.DataInitializer|Adding user: user9 |url: |action: 
2019-03-28 14:26:48.9997||TRACE|OGL.Infrastructure.Services.DataInitializer|Adding user: user10 |url: |action: 
2019-03-28 14:26:49.0140||TRACE|OGL.Infrastructure.Services.DataInitializer|Adding admin: adminuser1 |url: |action: 
2019-03-28 14:26:49.0278||TRACE|OGL.Infrastructure.Services.DataInitializer|Adding admin: adminuser2 |url: |action: 
2019-03-28 14:26:49.0414||TRACE|OGL.Infrastructure.Services.DataInitializer|Adding admin: adminuser3 |url: |action: 
2019-03-28 14:26:49.0551||TRACE|OGL.Infrastructure.Services.DataInitializer|Adding admin: adminuser4 |url: |action: 
2019-03-28 14:26:50.9798|1|ERROR|Microsoft.AspNetCore.Diagnostics.DeveloperExceptionPageMiddleware|An unhandled exception has occurred while executing the request. Autofac.Core.DependencyResolutionException: An exception was thrown while activating OGL.Infrastructure.Services.CategoryService. ---> Autofac.Core.DependencyResolutionException: None of the constructors found with 'Autofac.Core.Activators.Reflection.DefaultConstructorFinder' on type 'OGL.Infrastructure.Services.CategoryService' can be invoked with the available services and parameters:
Cannot resolve parameter 'OGL.Core.Repositories.ICategoryRepository categoryRepository' of constructor 'Void .ctor(OGL.Core.Repositories.ICategoryRepository, AutoMapper.IMapper)'.
   at Autofac.Core.Activators.Reflection.ReflectionActivator.GetValidConstructorBindings(IComponentContext context, IEnumerable`1 parameters) in C:\projects\autofac\src\Autofac\Core\Activators\Reflection\ReflectionActivator.cs:line 160
   at Autofac.Core.Activators.Reflection.ReflectionActivator.ActivateInstance(IComponentContext context, IEnumerable`1 parameters) in C:\projects\autofac\src\Autofac\Core\Activators\Reflection\ReflectionActivator.cs:line 120
   at Autofac.Core.Resolving.InstanceLookup.Activate(IEnumerable`1 parameters, Object& decoratorTarget) in C:\projects\autofac\src\Autofac\Core\Resolving\InstanceLookup.cs:line 118
   --- End of inner exception stack trace ---
   at Autofac.Core.Resolving.InstanceLookup.Activate(IEnumerable`1 parameters, Object& decoratorTarget) in C:\projects\autofac\src\Autofac\Core\Resolving\InstanceLookup.cs:line 136
   at Autofac.Core.Lifetime.LifetimeScope.GetOrCreateAndShare(Guid id, Func`1 creator) in C:\projects\autofac\src\Autofac\Core\Lifetime\LifetimeScope.cs:line 306
   at Autofac.Core.Resolving.InstanceLookup.Execute() in C:\projects\autofac\src\Autofac\Core\Resolving\InstanceLookup.cs:line 85
   at Autofac.Core.Resolving.ResolveOperation.GetOrCreateInstance(ISharingLifetimeScope currentOperationScope, IComponentRegistration registration, IEnumerable`1 parameters) in C:\projects\autofac\src\Autofac\Core\Resolving\ResolveOperation.cs:line 130
   at Autofac.Core.Resolving.ResolveOperation.Execute(IComponentRegistration registration, IEnumerable`1 parameters) in C:\projects\autofac\src\Autofac\Core\Resolving\ResolveOperation.cs:line 83
   at Autofac.ResolutionExtensions.TryResolveService(IComponentContext context, Service service, IEnumerable`1 parameters, Object& instance) in C:\projects\autofac\src\Autofac\ResolutionExtensions.cs:line 1041
   at Autofac.ResolutionExtensions.ResolveOptionalService(IComponentContext context, Service service, IEnumerable`1 parameters) in C:\projects\autofac\src\Autofac\ResolutionExtensions.cs:line 814
   at Microsoft.Extensions.DependencyInjection.ActivatorUtilities.GetService(IServiceProvider sp, Type type, Type requiredBy, Boolean isDefaultParameterRequired)
   at lambda_method(Closure , IServiceProvider , Object[] )
   at Microsoft.AspNetCore.Mvc.Controllers.ControllerFactoryProvider.<>c__DisplayClass5_0.<CreateControllerFactory>g__CreateController|0(ControllerContext controllerContext)
   at Microsoft.AspNetCore.Mvc.Internal.ControllerActionInvoker.Next(State& next, Scope& scope, Object& state, Boolean& isCompleted)
   at Microsoft.AspNetCore.Mvc.Internal.ControllerActionInvoker.InvokeInnerFilterAsync()
   at Microsoft.AspNetCore.Mvc.Internal.ResourceInvoker.InvokeNextResourceFilter()
   at Microsoft.AspNetCore.Mvc.Internal.ResourceInvoker.Rethrow(ResourceExecutedContext context)
   at Microsoft.AspNetCore.Mvc.Internal.ResourceInvoker.Next(State& next, Scope& scope, Object& state, Boolean& isCompleted)
   at Microsoft.AspNetCore.Mvc.Internal.ResourceInvoker.InvokeFilterPipelineAsync()
   at Microsoft.AspNetCore.Mvc.Internal.ResourceInvoker.InvokeAsync()
   at Microsoft.AspNetCore.Builder.RouterMiddleware.Invoke(HttpContext httpContext)
   at Microsoft.AspNetCore.Authentication.AuthenticationMiddleware.Invoke(HttpContext context)
   at Microsoft.AspNetCore.Diagnostics.DeveloperExceptionPageMiddleware.Invoke(HttpContext context)|url: https://localhost/category/|action: Get
2019-03-28 14:29:27.3902||DEBUG|OGL.Web.Program|init main |url: |action: 
2019-03-28 14:29:29.9935||TRACE|OGL.Infrastructure.Services.DataInitializer|Initializing data.. |url: |action: 
2019-03-28 14:29:30.0303||TRACE|OGL.Infrastructure.Services.DataInitializer|Adding user: user1 |url: |action: 
2019-03-28 14:29:30.0530||TRACE|OGL.Infrastructure.Services.DataInitializer|Adding user: user2 |url: |action: 
2019-03-28 14:29:30.0809||TRACE|OGL.Infrastructure.Services.DataInitializer|Adding user: user3 |url: |action: 
2019-03-28 14:29:30.0974||TRACE|OGL.Infrastructure.Services.DataInitializer|Adding user: user4 |url: |action: 
2019-03-28 14:29:30.1204||TRACE|OGL.Infrastructure.Services.DataInitializer|Adding user: user5 |url: |action: 
2019-03-28 14:29:30.1413||TRACE|OGL.Infrastructure.Services.DataInitializer|Adding user: user6 |url: |action: 
2019-03-28 14:29:30.1590||TRACE|OGL.Infrastructure.Services.DataInitializer|Adding user: user7 |url: |action: 
2019-03-28 14:29:30.1741||TRACE|OGL.Infrastructure.Services.DataInitializer|Adding user: user8 |url: |action: 
2019-03-28 14:29:30.1897||TRACE|OGL.Infrastructure.Services.DataInitializer|Adding user: user9 |url: |action: 
2019-03-28 14:29:30.2042||TRACE|OGL.Infrastructure.Services.DataInitializer|Adding user: user10 |url: |action: 
2019-03-28 14:29:30.2042||TRACE|OGL.Infrastructure.Services.DataInitializer|Adding admin: adminuser1 |url: |action: 
2019-03-28 14:29:30.2333||TRACE|OGL.Infrastructure.Services.DataInitializer|Adding admin: adminuser2 |url: |action: 
2019-03-28 14:29:30.2505||TRACE|OGL.Infrastructure.Services.DataInitializer|Adding admin: adminuser3 |url: |action: 
2019-03-28 14:29:30.2639||TRACE|OGL.Infrastructure.Services.DataInitializer|Adding admin: adminuser4 |url: |action: 
2019-03-28 14:33:02.6477||DEBUG|OGL.Web.Program|init main |url: |action: 
2019-03-28 14:33:05.2941||TRACE|OGL.Infrastructure.Services.DataInitializer|Initializing data.. |url: |action: 
2019-03-28 14:33:05.3315||TRACE|OGL.Infrastructure.Services.DataInitializer|Adding user: user1 |url: |action: 
2019-03-28 14:33:05.3451||TRACE|OGL.Infrastructure.Services.DataInitializer|Adding user: user2 |url: |action: 
2019-03-28 14:33:05.3451||TRACE|OGL.Infrastructure.Services.DataInitializer|Adding user: user3 |url: |action: 
2019-03-28 14:33:05.3718||TRACE|OGL.Infrastructure.Services.DataInitializer|Adding user: user4 |url: |action: 
2019-03-28 14:33:05.3856||TRACE|OGL.Infrastructure.Services.DataInitializer|Adding user: user5 |url: |action: 
2019-03-28 14:33:05.3989||TRACE|OGL.Infrastructure.Services.DataInitializer|Adding user: user6 |url: |action: 
2019-03-28 14:33:05.4143||TRACE|OGL.Infrastructure.Services.DataInitializer|Adding user: user7 |url: |action: 
2019-03-28 14:33:05.4294||TRACE|OGL.Infrastructure.Services.DataInitializer|Adding user: user8 |url: |action: 
2019-03-28 14:33:05.4441||TRACE|OGL.Infrastructure.Services.DataInitializer|Adding user: user9 |url: |action: 
2019-03-28 14:33:05.4626||TRACE|OGL.Infrastructure.Services.DataInitializer|Adding user: user10 |url: |action: 
2019-03-28 14:33:05.4766||TRACE|OGL.Infrastructure.Services.DataInitializer|Adding admin: adminuser1 |url: |action: 
2019-03-28 14:33:05.4909||TRACE|OGL.Infrastructure.Services.DataInitializer|Adding admin: adminuser2 |url: |action: 
2019-03-28 14:33:05.5052||TRACE|OGL.Infrastructure.Services.DataInitializer|Adding admin: adminuser3 |url: |action: 
2019-03-28 14:33:05.5201||TRACE|OGL.Infrastructure.Services.DataInitializer|Adding admin: adminuser4 |url: |action: 
2019-03-28 14:34:47.5777||DEBUG|OGL.Web.Program|init main |url: |action: 
2019-03-28 14:34:50.1911||TRACE|OGL.Infrastructure.Services.DataInitializer|Initializing data.. |url: |action: 
2019-03-28 14:34:50.2236||TRACE|OGL.Infrastructure.Services.DataInitializer|Adding user: user1 |url: |action: 
2019-03-28 14:34:50.2432||TRACE|OGL.Infrastructure.Services.DataInitializer|Adding user: user2 |url: |action: 
2019-03-28 14:34:50.2790||TRACE|OGL.Infrastructure.Services.DataInitializer|Adding user: user3 |url: |action: 
2019-03-28 14:34:50.3034||TRACE|OGL.Infrastructure.Services.DataInitializer|Adding user: user4 |url: |action: 
2019-03-28 14:34:50.3200||TRACE|OGL.Infrastructure.Services.DataInitializer|Adding user: user5 |url: |action: 
2019-03-28 14:34:50.3357||TRACE|OGL.Infrastructure.Services.DataInitializer|Adding user: user6 |url: |action: 
2019-03-28 14:34:50.3540||TRACE|OGL.Infrastructure.Services.DataInitializer|Adding user: user7 |url: |action: 
2019-03-28 14:34:50.3684||TRACE|OGL.Infrastructure.Services.DataInitializer|Adding user: user8 |url: |action: 
2019-03-28 14:34:50.3831||TRACE|OGL.Infrastructure.Services.DataInitializer|Adding user: user9 |url: |action: 
2019-03-28 14:34:50.3985||TRACE|OGL.Infrastructure.Services.DataInitializer|Adding user: user10 |url: |action: 
2019-03-28 14:34:50.4134||TRACE|OGL.Infrastructure.Services.DataInitializer|Adding admin: adminuser1 |url: |action: 
2019-03-28 14:34:50.4299||TRACE|OGL.Infrastructure.Services.DataInitializer|Adding admin: adminuser2 |url: |action: 
2019-03-28 14:34:50.4504||TRACE|OGL.Infrastructure.Services.DataInitializer|Adding admin: adminuser3 |url: |action: 
2019-03-28 14:34:50.4678||TRACE|OGL.Infrastructure.Services.DataInitializer|Adding admin: adminuser4 |url: |action: 
2019-03-28 14:37:26.7814||DEBUG|OGL.Web.Program|init main |url: |action: 
2019-03-28 14:37:29.3682||TRACE|OGL.Infrastructure.Services.DataInitializer|Initializing data.. |url: |action: 
2019-03-28 14:37:29.4008||TRACE|OGL.Infrastructure.Services.DataInitializer|Adding user: user1 |url: |action: 
2019-03-28 14:37:29.4156||TRACE|OGL.Infrastructure.Services.DataInitializer|Adding user: user2 |url: |action: 
2019-03-28 14:37:29.4316||TRACE|OGL.Infrastructure.Services.DataInitializer|Adding user: user3 |url: |action: 
2019-03-28 14:37:29.4504||TRACE|OGL.Infrastructure.Services.DataInitializer|Adding user: user4 |url: |action: 
2019-03-28 14:37:29.4645||TRACE|OGL.Infrastructure.Services.DataInitializer|Adding user: user5 |url: |action: 
2019-03-28 14:37:29.4795||TRACE|OGL.Infrastructure.Services.DataInitializer|Adding user: user6 |url: |action: 
2019-03-28 14:37:29.4930||TRACE|OGL.Infrastructure.Services.DataInitializer|Adding user: user7 |url: |action: 
2019-03-28 14:37:29.5083||TRACE|OGL.Infrastructure.Services.DataInitializer|Adding user: user8 |url: |action: 
2019-03-28 14:37:29.5221||TRACE|OGL.Infrastructure.Services.DataInitializer|Adding user: user9 |url: |action: 
2019-03-28 14:37:29.5357||TRACE|OGL.Infrastructure.Services.DataInitializer|Adding user: user10 |url: |action: 
2019-03-28 14:37:29.5506||TRACE|OGL.Infrastructure.Services.DataInitializer|Adding admin: adminuser1 |url: |action: 
2019-03-28 14:37:29.5692||TRACE|OGL.Infrastructure.Services.DataInitializer|Adding admin: adminuser2 |url: |action: 
2019-03-28 14:37:29.5829||TRACE|OGL.Infrastructure.Services.DataInitializer|Adding admin: adminuser3 |url: |action: 
2019-03-28 14:37:29.5978||TRACE|OGL.Infrastructure.Services.DataInitializer|Adding admin: adminuser4 |url: |action: 
2019-03-28 14:47:07.4660||DEBUG|OGL.Web.Program|init main |url: |action: 
2019-03-28 14:47:10.3717||TRACE|OGL.Infrastructure.Services.DataInitializer|Initializing data.. |url: |action: 
2019-03-28 14:47:10.4109||TRACE|OGL.Infrastructure.Services.DataInitializer|Adding user: user1 |url: |action: 
2019-03-28 14:47:10.4252||TRACE|OGL.Infrastructure.Services.DataInitializer|Adding user: user2 |url: |action: 
2019-03-28 14:47:10.4483||TRACE|OGL.Infrastructure.Services.DataInitializer|Adding user: user3 |url: |action: 
2019-03-28 14:47:10.4627||TRACE|OGL.Infrastructure.Services.DataInitializer|Adding user: user4 |url: |action: 
2019-03-28 14:47:10.4776||TRACE|OGL.Infrastructure.Services.DataInitializer|Adding user: user5 |url: |action: 
2019-03-28 14:47:10.5054||TRACE|OGL.Infrastructure.Services.DataInitializer|Adding user: user6 |url: |action: 
2019-03-28 14:47:10.5227||TRACE|OGL.Infrastructure.Services.DataInitializer|Adding user: user7 |url: |action: 
2019-03-28 14:47:10.5370||TRACE|OGL.Infrastructure.Services.DataInitializer|Adding user: user8 |url: |action: 
2019-03-28 14:47:10.5509||TRACE|OGL.Infrastructure.Services.DataInitializer|Adding user: user9 |url: |action: 
2019-03-28 14:47:10.5643||TRACE|OGL.Infrastructure.Services.DataInitializer|Adding user: user10 |url: |action: 
2019-03-28 14:47:10.5643||TRACE|OGL.Infrastructure.Services.DataInitializer|Adding admin: adminuser1 |url: |action: 
2019-03-28 14:47:10.5913||TRACE|OGL.Infrastructure.Services.DataInitializer|Adding admin: adminuser2 |url: |action: 
2019-03-28 14:47:10.6050||TRACE|OGL.Infrastructure.Services.DataInitializer|Adding admin: adminuser3 |url: |action: 
2019-03-28 14:47:10.6188||TRACE|OGL.Infrastructure.Services.DataInitializer|Adding admin: adminuser4 |url: |action: 
2019-03-28 14:47:15.9565|1|ERROR|Microsoft.AspNetCore.Diagnostics.DeveloperExceptionPageMiddleware|An unhandled exception has occurred while executing the request. AutoMapper.AutoMapperMappingException: Error mapping types.

Mapping types:
IEnumerable`1 -> IEnumerable`1
System.Collections.Generic.IEnumerable`1[[OGL.Core.Domain.User, OGL.Core, Version=1.0.0.0, Culture=neutral, PublicKeyToken=null]] -> System.Collections.Generic.IEnumerable`1[[OGL.Infrastructure.DTO.UserDetailDto, OGL.Infrastructure, Version=1.0.0.0, Culture=neutral, PublicKeyToken=null]] ---> System.InvalidCastException: Unable to cast object of type 'OGL.Infrastructure.DTO.UserDto' to type 'OGL.Infrastructure.DTO.UserDetailDto'.
   at lambda_method(Closure , IEnumerable`1 , IEnumerable`1 , ResolutionContext )
   --- End of inner exception stack trace ---
   at lambda_method(Closure , IEnumerable`1 , IEnumerable`1 , ResolutionContext )
   at AutoMapper.Mapper.AutoMapper.IMapper.Map[TSource,TDestination](TSource source) in C:\projects\automapper\src\AutoMapper\Mapper.cs:line 233
   at OGL.Infrastructure.Services.UserService.BrowseAsync() in C:\Users\Tomasz\Desktop\Programowanie\C#\OGL\OGL.Infrastructure\Services\UserService.cs:line 38
   at OGL.Api.Controllers.UsersController.Get() in C:\Users\Tomasz\Desktop\Programowanie\C#\OGL\Ogl.Web\Controllers\UsersController.cs:line 26
   at Microsoft.AspNetCore.Mvc.Internal.ActionMethodExecutor.TaskOfIActionResultExecutor.Execute(IActionResultTypeMapper mapper, ObjectMethodExecutor executor, Object controller, Object[] arguments)
   at Microsoft.AspNetCore.Mvc.Internal.ControllerActionInvoker.InvokeActionMethodAsync()
   at Microsoft.AspNetCore.Mvc.Internal.ControllerActionInvoker.InvokeNextActionFilterAsync()
   at Microsoft.AspNetCore.Mvc.Internal.ControllerActionInvoker.Rethrow(ActionExecutedContext context)
   at Microsoft.AspNetCore.Mvc.Internal.ControllerActionInvoker.Next(State& next, Scope& scope, Object& state, Boolean& isCompleted)
   at Microsoft.AspNetCore.Mvc.Internal.ControllerActionInvoker.InvokeInnerFilterAsync()
   at Microsoft.AspNetCore.Mvc.Internal.ResourceInvoker.InvokeNextResourceFilter()
   at Microsoft.AspNetCore.Mvc.Internal.ResourceInvoker.Rethrow(ResourceExecutedContext context)
   at Microsoft.AspNetCore.Mvc.Internal.ResourceInvoker.Next(State& next, Scope& scope, Object& state, Boolean& isCompleted)
   at Microsoft.AspNetCore.Mvc.Internal.ResourceInvoker.InvokeFilterPipelineAsync()
   at Microsoft.AspNetCore.Mvc.Internal.ResourceInvoker.InvokeAsync()
   at Microsoft.AspNetCore.Builder.RouterMiddleware.Invoke(HttpContext httpContext)
   at Microsoft.AspNetCore.Authentication.AuthenticationMiddleware.Invoke(HttpContext context)
   at Microsoft.AspNetCore.Diagnostics.DeveloperExceptionPageMiddleware.Invoke(HttpContext context)|url: https://localhost/users/|action: Get
2019-03-28 14:47:16.4129|1|ERROR|Microsoft.AspNetCore.Diagnostics.DeveloperExceptionPageMiddleware|An unhandled exception has occurred while executing the request. AutoMapper.AutoMapperMappingException: Error mapping types.

Mapping types:
IEnumerable`1 -> IEnumerable`1
System.Collections.Generic.IEnumerable`1[[OGL.Core.Domain.User, OGL.Core, Version=1.0.0.0, Culture=neutral, PublicKeyToken=null]] -> System.Collections.Generic.IEnumerable`1[[OGL.Infrastructure.DTO.UserDetailDto, OGL.Infrastructure, Version=1.0.0.0, Culture=neutral, PublicKeyToken=null]] ---> System.InvalidCastException: Unable to cast object of type 'OGL.Infrastructure.DTO.UserDto' to type 'OGL.Infrastructure.DTO.UserDetailDto'.
   at lambda_method(Closure , IEnumerable`1 , IEnumerable`1 , ResolutionContext )
   --- End of inner exception stack trace ---
   at lambda_method(Closure , IEnumerable`1 , IEnumerable`1 , ResolutionContext )
   at AutoMapper.Mapper.AutoMapper.IMapper.Map[TSource,TDestination](TSource source) in C:\projects\automapper\src\AutoMapper\Mapper.cs:line 233
   at OGL.Infrastructure.Services.UserService.BrowseAsync() in C:\Users\Tomasz\Desktop\Programowanie\C#\OGL\OGL.Infrastructure\Services\UserService.cs:line 38
   at OGL.Api.Controllers.UsersController.Get() in C:\Users\Tomasz\Desktop\Programowanie\C#\OGL\Ogl.Web\Controllers\UsersController.cs:line 26
   at Microsoft.AspNetCore.Mvc.Internal.ActionMethodExecutor.TaskOfIActionResultExecutor.Execute(IActionResultTypeMapper mapper, ObjectMethodExecutor executor, Object controller, Object[] arguments)
   at Microsoft.AspNetCore.Mvc.Internal.ControllerActionInvoker.InvokeActionMethodAsync()
   at Microsoft.AspNetCore.Mvc.Internal.ControllerActionInvoker.InvokeNextActionFilterAsync()
   at Microsoft.AspNetCore.Mvc.Internal.ControllerActionInvoker.Rethrow(ActionExecutedContext context)
   at Microsoft.AspNetCore.Mvc.Internal.ControllerActionInvoker.Next(State& next, Scope& scope, Object& state, Boolean& isCompleted)
   at Microsoft.AspNetCore.Mvc.Internal.ControllerActionInvoker.InvokeInnerFilterAsync()
   at Microsoft.AspNetCore.Mvc.Internal.ResourceInvoker.InvokeNextResourceFilter()
   at Microsoft.AspNetCore.Mvc.Internal.ResourceInvoker.Rethrow(ResourceExecutedContext context)
   at Microsoft.AspNetCore.Mvc.Internal.ResourceInvoker.Next(State& next, Scope& scope, Object& state, Boolean& isCompleted)
   at Microsoft.AspNetCore.Mvc.Internal.ResourceInvoker.InvokeFilterPipelineAsync()
   at Microsoft.AspNetCore.Mvc.Internal.ResourceInvoker.InvokeAsync()
   at Microsoft.AspNetCore.Builder.RouterMiddleware.Invoke(HttpContext httpContext)
   at Microsoft.AspNetCore.Authentication.AuthenticationMiddleware.Invoke(HttpContext context)
   at Microsoft.AspNetCore.Diagnostics.DeveloperExceptionPageMiddleware.Invoke(HttpContext context)|url: https://localhost/users/|action: Get
2019-03-28 14:47:43.1106|1|ERROR|Microsoft.AspNetCore.Diagnostics.DeveloperExceptionPageMiddleware|An unhandled exception has occurred while executing the request. AutoMapper.AutoMapperMappingException: Error mapping types.

Mapping types:
IEnumerable`1 -> IEnumerable`1
System.Collections.Generic.IEnumerable`1[[OGL.Core.Domain.Category, OGL.Core, Version=1.0.0.0, Culture=neutral, PublicKeyToken=null]] -> System.Collections.Generic.IEnumerable`1[[OGL.Infrastructure.DTO.CategoryDetailDto, OGL.Infrastructure, Version=1.0.0.0, Culture=neutral, PublicKeyToken=null]] ---> System.InvalidCastException: Unable to cast object of type 'OGL.Infrastructure.DTO.CategoryDto' to type 'OGL.Infrastructure.DTO.CategoryDetailDto'.
   at lambda_method(Closure , IEnumerable`1 , IEnumerable`1 , ResolutionContext )
   --- End of inner exception stack trace ---
   at lambda_method(Closure , IEnumerable`1 , IEnumerable`1 , ResolutionContext )
   at AutoMapper.Mapper.AutoMapper.IMapper.Map[TSource,TDestination](TSource source) in C:\projects\automapper\src\AutoMapper\Mapper.cs:line 233
   at OGL.Infrastructure.Services.CategoryService.BrowseAsync() in C:\Users\Tomasz\Desktop\Programowanie\C#\OGL\OGL.Infrastructure\Services\CategoryService.cs:line 28
   at Ogl.Web.Controllers.CategoryController.Get() in C:\Users\Tomasz\Desktop\Programowanie\C#\OGL\Ogl.Web\Controllers\CategoryController.cs:line 24
   at Microsoft.AspNetCore.Mvc.Internal.ActionMethodExecutor.TaskOfIActionResultExecutor.Execute(IActionResultTypeMapper mapper, ObjectMethodExecutor executor, Object controller, Object[] arguments)
   at Microsoft.AspNetCore.Mvc.Internal.ControllerActionInvoker.InvokeActionMethodAsync()
   at Microsoft.AspNetCore.Mvc.Internal.ControllerActionInvoker.InvokeNextActionFilterAsync()
   at Microsoft.AspNetCore.Mvc.Internal.ControllerActionInvoker.Rethrow(ActionExecutedContext context)
   at Microsoft.AspNetCore.Mvc.Internal.ControllerActionInvoker.Next(State& next, Scope& scope, Object& state, Boolean& isCompleted)
   at Microsoft.AspNetCore.Mvc.Internal.ControllerActionInvoker.InvokeInnerFilterAsync()
   at Microsoft.AspNetCore.Mvc.Internal.ResourceInvoker.InvokeNextResourceFilter()
   at Microsoft.AspNetCore.Mvc.Internal.ResourceInvoker.Rethrow(ResourceExecutedContext context)
   at Microsoft.AspNetCore.Mvc.Internal.ResourceInvoker.Next(State& next, Scope& scope, Object& state, Boolean& isCompleted)
   at Microsoft.AspNetCore.Mvc.Internal.ResourceInvoker.InvokeFilterPipelineAsync()
   at Microsoft.AspNetCore.Mvc.Internal.ResourceInvoker.InvokeAsync()
   at Microsoft.AspNetCore.Builder.RouterMiddleware.Invoke(HttpContext httpContext)
   at Microsoft.AspNetCore.Authentication.AuthenticationMiddleware.Invoke(HttpContext context)
   at Microsoft.AspNetCore.Diagnostics.DeveloperExceptionPageMiddleware.Invoke(HttpContext context)|url: https://localhost/category/|action: Get
2019-03-28 14:47:43.8830|1|ERROR|Microsoft.AspNetCore.Diagnostics.DeveloperExceptionPageMiddleware|An unhandled exception has occurred while executing the request. AutoMapper.AutoMapperMappingException: Error mapping types.

Mapping types:
IEnumerable`1 -> IEnumerable`1
System.Collections.Generic.IEnumerable`1[[OGL.Core.Domain.Category, OGL.Core, Version=1.0.0.0, Culture=neutral, PublicKeyToken=null]] -> System.Collections.Generic.IEnumerable`1[[OGL.Infrastructure.DTO.CategoryDetailDto, OGL.Infrastructure, Version=1.0.0.0, Culture=neutral, PublicKeyToken=null]] ---> System.InvalidCastException: Unable to cast object of type 'OGL.Infrastructure.DTO.CategoryDto' to type 'OGL.Infrastructure.DTO.CategoryDetailDto'.
   at lambda_method(Closure , IEnumerable`1 , IEnumerable`1 , ResolutionContext )
   --- End of inner exception stack trace ---
   at lambda_method(Closure , IEnumerable`1 , IEnumerable`1 , ResolutionContext )
   at AutoMapper.Mapper.AutoMapper.IMapper.Map[TSource,TDestination](TSource source) in C:\projects\automapper\src\AutoMapper\Mapper.cs:line 233
   at OGL.Infrastructure.Services.CategoryService.BrowseAsync() in C:\Users\Tomasz\Desktop\Programowanie\C#\OGL\OGL.Infrastructure\Services\CategoryService.cs:line 28
   at Ogl.Web.Controllers.CategoryController.Get() in C:\Users\Tomasz\Desktop\Programowanie\C#\OGL\Ogl.Web\Controllers\CategoryController.cs:line 24
   at Microsoft.AspNetCore.Mvc.Internal.ActionMethodExecutor.TaskOfIActionResultExecutor.Execute(IActionResultTypeMapper mapper, ObjectMethodExecutor executor, Object controller, Object[] arguments)
   at Microsoft.AspNetCore.Mvc.Internal.ControllerActionInvoker.InvokeActionMethodAsync()
   at Microsoft.AspNetCore.Mvc.Internal.ControllerActionInvoker.InvokeNextActionFilterAsync()
   at Microsoft.AspNetCore.Mvc.Internal.ControllerActionInvoker.Rethrow(ActionExecutedContext context)
   at Microsoft.AspNetCore.Mvc.Internal.ControllerActionInvoker.Next(State& next, Scope& scope, Object& state, Boolean& isCompleted)
   at Microsoft.AspNetCore.Mvc.Internal.ControllerActionInvoker.InvokeInnerFilterAsync()
   at Microsoft.AspNetCore.Mvc.Internal.ResourceInvoker.InvokeNextResourceFilter()
   at Microsoft.AspNetCore.Mvc.Internal.ResourceInvoker.Rethrow(ResourceExecutedContext context)
   at Microsoft.AspNetCore.Mvc.Internal.ResourceInvoker.Next(State& next, Scope& scope, Object& state, Boolean& isCompleted)
   at Microsoft.AspNetCore.Mvc.Internal.ResourceInvoker.InvokeFilterPipelineAsync()
   at Microsoft.AspNetCore.Mvc.Internal.ResourceInvoker.InvokeAsync()
   at Microsoft.AspNetCore.Builder.RouterMiddleware.Invoke(HttpContext httpContext)
   at Microsoft.AspNetCore.Authentication.AuthenticationMiddleware.Invoke(HttpContext context)
   at Microsoft.AspNetCore.Diagnostics.DeveloperExceptionPageMiddleware.Invoke(HttpContext context)|url: https://localhost/category/|action: Get
2019-03-28 14:56:38.5210||DEBUG|OGL.Web.Program|init main |url: |action: 
2019-03-28 14:56:41.4957||TRACE|OGL.Infrastructure.Services.DataInitializer|Initializing data.. |url: |action: 
2019-03-28 14:56:41.5242||TRACE|OGL.Infrastructure.Services.DataInitializer|Adding user: user1 |url: |action: 
2019-03-28 14:56:41.5384||TRACE|OGL.Infrastructure.Services.DataInitializer|Adding user: user2 |url: |action: 
2019-03-28 14:56:41.5521||TRACE|OGL.Infrastructure.Services.DataInitializer|Adding user: user3 |url: |action: 
2019-03-28 14:56:41.5654||TRACE|OGL.Infrastructure.Services.DataInitializer|Adding user: user4 |url: |action: 
2019-03-28 14:56:41.5824||TRACE|OGL.Infrastructure.Services.DataInitializer|Adding user: user5 |url: |action: 
2019-03-28 14:56:41.5973||TRACE|OGL.Infrastructure.Services.DataInitializer|Adding user: user6 |url: |action: 
2019-03-28 14:56:41.6115||TRACE|OGL.Infrastructure.Services.DataInitializer|Adding user: user7 |url: |action: 
2019-03-28 14:56:41.6115||TRACE|OGL.Infrastructure.Services.DataInitializer|Adding user: user8 |url: |action: 
2019-03-28 14:56:41.6467||TRACE|OGL.Infrastructure.Services.DataInitializer|Adding user: user9 |url: |action: 
2019-03-28 14:56:41.6608||TRACE|OGL.Infrastructure.Services.DataInitializer|Adding user: user10 |url: |action: 
2019-03-28 14:56:41.6747||TRACE|OGL.Infrastructure.Services.DataInitializer|Adding admin: adminuser1 |url: |action: 
2019-03-28 14:56:41.6747||TRACE|OGL.Infrastructure.Services.DataInitializer|Adding category: 1 |url: |action: 
2019-03-28 14:56:41.6978||TRACE|OGL.Infrastructure.Services.DataInitializer|Adding admin: adminuser2 |url: |action: 
2019-03-28 14:56:41.6978||TRACE|OGL.Infrastructure.Services.DataInitializer|Adding category: 2 |url: |action: 
2019-03-28 14:56:41.7129||TRACE|OGL.Infrastructure.Services.DataInitializer|Adding admin: adminuser3 |url: |action: 
2019-03-28 14:56:41.7129||TRACE|OGL.Infrastructure.Services.DataInitializer|Adding category: 3 |url: |action: 
2019-03-28 14:56:41.7283||TRACE|OGL.Infrastructure.Services.DataInitializer|Adding admin: adminuser4 |url: |action: 
2019-03-28 14:56:41.7283||TRACE|OGL.Infrastructure.Services.DataInitializer|Adding category: 4 |url: |action: 
2019-03-28 14:56:45.9276|1|ERROR|Microsoft.AspNetCore.Diagnostics.DeveloperExceptionPageMiddleware|An unhandled exception has occurred while executing the request. AutoMapper.AutoMapperMappingException: Error mapping types.

Mapping types:
IEnumerable`1 -> IEnumerable`1
System.Collections.Generic.IEnumerable`1[[OGL.Core.Domain.Category, OGL.Core, Version=1.0.0.0, Culture=neutral, PublicKeyToken=null]] -> System.Collections.Generic.IEnumerable`1[[OGL.Infrastructure.DTO.CategoryDetailDto, OGL.Infrastructure, Version=1.0.0.0, Culture=neutral, PublicKeyToken=null]] ---> System.InvalidCastException: Unable to cast object of type 'OGL.Infrastructure.DTO.CategoryDto' to type 'OGL.Infrastructure.DTO.CategoryDetailDto'.
   at lambda_method(Closure , IEnumerable`1 , IEnumerable`1 , ResolutionContext )
   --- End of inner exception stack trace ---
   at lambda_method(Closure , IEnumerable`1 , IEnumerable`1 , ResolutionContext )
   at AutoMapper.Mapper.AutoMapper.IMapper.Map[TSource,TDestination](TSource source) in C:\projects\automapper\src\AutoMapper\Mapper.cs:line 233
   at OGL.Infrastructure.Services.CategoryService.BrowseAsync() in C:\Users\Tomasz\Desktop\Programowanie\C#\OGL\OGL.Infrastructure\Services\CategoryService.cs:line 28
   at Ogl.Web.Controllers.CategoryController.Get() in C:\Users\Tomasz\Desktop\Programowanie\C#\OGL\Ogl.Web\Controllers\CategoryController.cs:line 24
   at Microsoft.AspNetCore.Mvc.Internal.ActionMethodExecutor.TaskOfIActionResultExecutor.Execute(IActionResultTypeMapper mapper, ObjectMethodExecutor executor, Object controller, Object[] arguments)
   at Microsoft.AspNetCore.Mvc.Internal.ControllerActionInvoker.InvokeActionMethodAsync()
   at Microsoft.AspNetCore.Mvc.Internal.ControllerActionInvoker.InvokeNextActionFilterAsync()
   at Microsoft.AspNetCore.Mvc.Internal.ControllerActionInvoker.Rethrow(ActionExecutedContext context)
   at Microsoft.AspNetCore.Mvc.Internal.ControllerActionInvoker.Next(State& next, Scope& scope, Object& state, Boolean& isCompleted)
   at Microsoft.AspNetCore.Mvc.Internal.ControllerActionInvoker.InvokeInnerFilterAsync()
   at Microsoft.AspNetCore.Mvc.Internal.ResourceInvoker.InvokeNextResourceFilter()
   at Microsoft.AspNetCore.Mvc.Internal.ResourceInvoker.Rethrow(ResourceExecutedContext context)
   at Microsoft.AspNetCore.Mvc.Internal.ResourceInvoker.Next(State& next, Scope& scope, Object& state, Boolean& isCompleted)
   at Microsoft.AspNetCore.Mvc.Internal.ResourceInvoker.InvokeFilterPipelineAsync()
   at Microsoft.AspNetCore.Mvc.Internal.ResourceInvoker.InvokeAsync()
   at Microsoft.AspNetCore.Builder.RouterMiddleware.Invoke(HttpContext httpContext)
   at Microsoft.AspNetCore.Authentication.AuthenticationMiddleware.Invoke(HttpContext context)
   at Microsoft.AspNetCore.Diagnostics.DeveloperExceptionPageMiddleware.Invoke(HttpContext context)|url: https://localhost/category/|action: Get
2019-03-28 14:56:47.8687|1|ERROR|Microsoft.AspNetCore.Diagnostics.DeveloperExceptionPageMiddleware|An unhandled exception has occurred while executing the request. AutoMapper.AutoMapperMappingException: Error mapping types.

Mapping types:
IEnumerable`1 -> IEnumerable`1
System.Collections.Generic.IEnumerable`1[[OGL.Core.Domain.Category, OGL.Core, Version=1.0.0.0, Culture=neutral, PublicKeyToken=null]] -> System.Collections.Generic.IEnumerable`1[[OGL.Infrastructure.DTO.CategoryDetailDto, OGL.Infrastructure, Version=1.0.0.0, Culture=neutral, PublicKeyToken=null]] ---> System.InvalidCastException: Unable to cast object of type 'OGL.Infrastructure.DTO.CategoryDto' to type 'OGL.Infrastructure.DTO.CategoryDetailDto'.
   at lambda_method(Closure , IEnumerable`1 , IEnumerable`1 , ResolutionContext )
   --- End of inner exception stack trace ---
   at lambda_method(Closure , IEnumerable`1 , IEnumerable`1 , ResolutionContext )
   at AutoMapper.Mapper.AutoMapper.IMapper.Map[TSource,TDestination](TSource source) in C:\projects\automapper\src\AutoMapper\Mapper.cs:line 233
   at OGL.Infrastructure.Services.CategoryService.BrowseAsync() in C:\Users\Tomasz\Desktop\Programowanie\C#\OGL\OGL.Infrastructure\Services\CategoryService.cs:line 28
   at Ogl.Web.Controllers.CategoryController.Get() in C:\Users\Tomasz\Desktop\Programowanie\C#\OGL\Ogl.Web\Controllers\CategoryController.cs:line 24
   at Microsoft.AspNetCore.Mvc.Internal.ActionMethodExecutor.TaskOfIActionResultExecutor.Execute(IActionResultTypeMapper mapper, ObjectMethodExecutor executor, Object controller, Object[] arguments)
   at Microsoft.AspNetCore.Mvc.Internal.ControllerActionInvoker.InvokeActionMethodAsync()
   at Microsoft.AspNetCore.Mvc.Internal.ControllerActionInvoker.InvokeNextActionFilterAsync()
   at Microsoft.AspNetCore.Mvc.Internal.ControllerActionInvoker.Rethrow(ActionExecutedContext context)
   at Microsoft.AspNetCore.Mvc.Internal.ControllerActionInvoker.Next(State& next, Scope& scope, Object& state, Boolean& isCompleted)
   at Microsoft.AspNetCore.Mvc.Internal.ControllerActionInvoker.InvokeInnerFilterAsync()
   at Microsoft.AspNetCore.Mvc.Internal.ResourceInvoker.InvokeNextResourceFilter()
   at Microsoft.AspNetCore.Mvc.Internal.ResourceInvoker.Rethrow(ResourceExecutedContext context)
   at Microsoft.AspNetCore.Mvc.Internal.ResourceInvoker.Next(State& next, Scope& scope, Object& state, Boolean& isCompleted)
   at Microsoft.AspNetCore.Mvc.Internal.ResourceInvoker.InvokeFilterPipelineAsync()
   at Microsoft.AspNetCore.Mvc.Internal.ResourceInvoker.InvokeAsync()
   at Microsoft.AspNetCore.Builder.RouterMiddleware.Invoke(HttpContext httpContext)
   at Microsoft.AspNetCore.Authentication.AuthenticationMiddleware.Invoke(HttpContext context)
   at Microsoft.AspNetCore.Diagnostics.DeveloperExceptionPageMiddleware.Invoke(HttpContext context)|url: https://localhost/category/|action: Get
2019-03-28 14:56:51.8213|1|ERROR|Microsoft.AspNetCore.Diagnostics.DeveloperExceptionPageMiddleware|An unhandled exception has occurred while executing the request. AutoMapper.AutoMapperMappingException: Error mapping types.

Mapping types:
IEnumerable`1 -> IEnumerable`1
System.Collections.Generic.IEnumerable`1[[OGL.Core.Domain.User, OGL.Core, Version=1.0.0.0, Culture=neutral, PublicKeyToken=null]] -> System.Collections.Generic.IEnumerable`1[[OGL.Infrastructure.DTO.UserDetailDto, OGL.Infrastructure, Version=1.0.0.0, Culture=neutral, PublicKeyToken=null]] ---> System.InvalidCastException: Unable to cast object of type 'OGL.Infrastructure.DTO.UserDto' to type 'OGL.Infrastructure.DTO.UserDetailDto'.
   at lambda_method(Closure , IEnumerable`1 , IEnumerable`1 , ResolutionContext )
   --- End of inner exception stack trace ---
   at lambda_method(Closure , IEnumerable`1 , IEnumerable`1 , ResolutionContext )
   at AutoMapper.Mapper.AutoMapper.IMapper.Map[TSource,TDestination](TSource source) in C:\projects\automapper\src\AutoMapper\Mapper.cs:line 233
   at OGL.Infrastructure.Services.UserService.BrowseAsync() in C:\Users\Tomasz\Desktop\Programowanie\C#\OGL\OGL.Infrastructure\Services\UserService.cs:line 38
   at OGL.Api.Controllers.UsersController.Get() in C:\Users\Tomasz\Desktop\Programowanie\C#\OGL\Ogl.Web\Controllers\UsersController.cs:line 26
   at Microsoft.AspNetCore.Mvc.Internal.ActionMethodExecutor.TaskOfIActionResultExecutor.Execute(IActionResultTypeMapper mapper, ObjectMethodExecutor executor, Object controller, Object[] arguments)
   at Microsoft.AspNetCore.Mvc.Internal.ControllerActionInvoker.InvokeActionMethodAsync()
   at Microsoft.AspNetCore.Mvc.Internal.ControllerActionInvoker.InvokeNextActionFilterAsync()
   at Microsoft.AspNetCore.Mvc.Internal.ControllerActionInvoker.Rethrow(ActionExecutedContext context)
   at Microsoft.AspNetCore.Mvc.Internal.ControllerActionInvoker.Next(State& next, Scope& scope, Object& state, Boolean& isCompleted)
   at Microsoft.AspNetCore.Mvc.Internal.ControllerActionInvoker.InvokeInnerFilterAsync()
   at Microsoft.AspNetCore.Mvc.Internal.ResourceInvoker.InvokeNextResourceFilter()
   at Microsoft.AspNetCore.Mvc.Internal.ResourceInvoker.Rethrow(ResourceExecutedContext context)
   at Microsoft.AspNetCore.Mvc.Internal.ResourceInvoker.Next(State& next, Scope& scope, Object& state, Boolean& isCompleted)
   at Microsoft.AspNetCore.Mvc.Internal.ResourceInvoker.InvokeFilterPipelineAsync()
   at Microsoft.AspNetCore.Mvc.Internal.ResourceInvoker.InvokeAsync()
   at Microsoft.AspNetCore.Builder.RouterMiddleware.Invoke(HttpContext httpContext)
   at Microsoft.AspNetCore.Authentication.AuthenticationMiddleware.Invoke(HttpContext context)
   at Microsoft.AspNetCore.Diagnostics.DeveloperExceptionPageMiddleware.Invoke(HttpContext context)|url: https://localhost/users/|action: Get
2019-03-28 14:57:53.7574||DEBUG|OGL.Web.Program|init main |url: |action: 
2019-03-28 14:57:56.7992||TRACE|OGL.Infrastructure.Services.DataInitializer|Initializing data.. |url: |action: 
2019-03-28 14:57:56.8295||TRACE|OGL.Infrastructure.Services.DataInitializer|Adding user: user1 |url: |action: 
2019-03-28 14:57:56.8295||TRACE|OGL.Infrastructure.Services.DataInitializer|Adding user: user2 |url: |action: 
2019-03-28 14:57:56.8603||TRACE|OGL.Infrastructure.Services.DataInitializer|Adding user: user3 |url: |action: 
2019-03-28 14:57:56.8741||TRACE|OGL.Infrastructure.Services.DataInitializer|Adding user: user4 |url: |action: 
2019-03-28 14:57:56.8880||TRACE|OGL.Infrastructure.Services.DataInitializer|Adding user: user5 |url: |action: 
2019-03-28 14:57:56.9018||TRACE|OGL.Infrastructure.Services.DataInitializer|Adding user: user6 |url: |action: 
2019-03-28 14:57:56.9154||TRACE|OGL.Infrastructure.Services.DataInitializer|Adding user: user7 |url: |action: 
2019-03-28 14:57:56.9290||TRACE|OGL.Infrastructure.Services.DataInitializer|Adding user: user8 |url: |action: 
2019-03-28 14:57:56.9438||TRACE|OGL.Infrastructure.Services.DataInitializer|Adding user: user9 |url: |action: 
2019-03-28 14:57:56.9642||TRACE|OGL.Infrastructure.Services.DataInitializer|Adding user: user10 |url: |action: 
2019-03-28 14:57:56.9784||TRACE|OGL.Infrastructure.Services.DataInitializer|Adding admin: adminuser1 |url: |action: 
2019-03-28 14:57:56.9784||TRACE|OGL.Infrastructure.Services.DataInitializer|Adding category: 1 |url: |action: 
2019-03-28 14:57:57.0032||TRACE|OGL.Infrastructure.Services.DataInitializer|Adding admin: adminuser2 |url: |action: 
2019-03-28 14:57:57.0032||TRACE|OGL.Infrastructure.Services.DataInitializer|Adding category: 2 |url: |action: 
2019-03-28 14:57:57.0301||TRACE|OGL.Infrastructure.Services.DataInitializer|Adding admin: adminuser3 |url: |action: 
2019-03-28 14:57:57.0301||TRACE|OGL.Infrastructure.Services.DataInitializer|Adding category: 3 |url: |action: 
2019-03-28 14:57:57.0469||TRACE|OGL.Infrastructure.Services.DataInitializer|Adding admin: adminuser4 |url: |action: 
2019-03-28 14:57:57.0479||TRACE|OGL.Infrastructure.Services.DataInitializer|Adding category: 4 |url: |action: 
2019-03-28 14:58:02.8236|1|ERROR|Microsoft.AspNetCore.Diagnostics.DeveloperExceptionPageMiddleware|An unhandled exception has occurred while executing the request. AutoMapper.AutoMapperMappingException: Error mapping types.

Mapping types:
IEnumerable`1 -> IEnumerable`1
System.Collections.Generic.IEnumerable`1[[OGL.Core.Domain.Category, OGL.Core, Version=1.0.0.0, Culture=neutral, PublicKeyToken=null]] -> System.Collections.Generic.IEnumerable`1[[OGL.Infrastructure.DTO.CategoryDetailDto, OGL.Infrastructure, Version=1.0.0.0, Culture=neutral, PublicKeyToken=null]] ---> System.InvalidCastException: Unable to cast object of type 'OGL.Infrastructure.DTO.CategoryDto' to type 'OGL.Infrastructure.DTO.CategoryDetailDto'.
   at lambda_method(Closure , IEnumerable`1 , IEnumerable`1 , ResolutionContext )
   --- End of inner exception stack trace ---
   at lambda_method(Closure , IEnumerable`1 , IEnumerable`1 , ResolutionContext )
   at AutoMapper.Mapper.AutoMapper.IMapper.Map[TSource,TDestination](TSource source) in C:\projects\automapper\src\AutoMapper\Mapper.cs:line 233
   at OGL.Infrastructure.Services.CategoryService.BrowseAsync() in C:\Users\Tomasz\Desktop\Programowanie\C#\OGL\OGL.Infrastructure\Services\CategoryService.cs:line 28
   at Ogl.Web.Controllers.CategoryController.Get() in C:\Users\Tomasz\Desktop\Programowanie\C#\OGL\Ogl.Web\Controllers\CategoryController.cs:line 24
   at Microsoft.AspNetCore.Mvc.Internal.ActionMethodExecutor.TaskOfIActionResultExecutor.Execute(IActionResultTypeMapper mapper, ObjectMethodExecutor executor, Object controller, Object[] arguments)
   at Microsoft.AspNetCore.Mvc.Internal.ControllerActionInvoker.InvokeActionMethodAsync()
   at Microsoft.AspNetCore.Mvc.Internal.ControllerActionInvoker.InvokeNextActionFilterAsync()
   at Microsoft.AspNetCore.Mvc.Internal.ControllerActionInvoker.Rethrow(ActionExecutedContext context)
   at Microsoft.AspNetCore.Mvc.Internal.ControllerActionInvoker.Next(State& next, Scope& scope, Object& state, Boolean& isCompleted)
   at Microsoft.AspNetCore.Mvc.Internal.ControllerActionInvoker.InvokeInnerFilterAsync()
   at Microsoft.AspNetCore.Mvc.Internal.ResourceInvoker.InvokeNextResourceFilter()
   at Microsoft.AspNetCore.Mvc.Internal.ResourceInvoker.Rethrow(ResourceExecutedContext context)
   at Microsoft.AspNetCore.Mvc.Internal.ResourceInvoker.Next(State& next, Scope& scope, Object& state, Boolean& isCompleted)
   at Microsoft.AspNetCore.Mvc.Internal.ResourceInvoker.InvokeFilterPipelineAsync()
   at Microsoft.AspNetCore.Mvc.Internal.ResourceInvoker.InvokeAsync()
   at Microsoft.AspNetCore.Builder.RouterMiddleware.Invoke(HttpContext httpContext)
   at Microsoft.AspNetCore.Authentication.AuthenticationMiddleware.Invoke(HttpContext context)
   at Microsoft.AspNetCore.Diagnostics.DeveloperExceptionPageMiddleware.Invoke(HttpContext context)|url: https://localhost/category/|action: Get
2019-03-28 14:59:04.4770||DEBUG|OGL.Web.Program|init main |url: |action: 
2019-03-28 14:59:07.6016||TRACE|OGL.Infrastructure.Services.DataInitializer|Initializing data.. |url: |action: 
2019-03-28 14:59:07.6305||TRACE|OGL.Infrastructure.Services.DataInitializer|Adding user: user1 |url: |action: 
2019-03-28 14:59:07.6447||TRACE|OGL.Infrastructure.Services.DataInitializer|Adding user: user2 |url: |action: 
2019-03-28 14:59:07.6580||TRACE|OGL.Infrastructure.Services.DataInitializer|Adding user: user3 |url: |action: 
2019-03-28 14:59:07.6580||TRACE|OGL.Infrastructure.Services.DataInitializer|Adding user: user4 |url: |action: 
2019-03-28 14:59:07.6851||TRACE|OGL.Infrastructure.Services.DataInitializer|Adding user: user5 |url: |action: 
2019-03-28 14:59:07.7088||TRACE|OGL.Infrastructure.Services.DataInitializer|Adding user: user6 |url: |action: 
2019-03-28 14:59:07.7378||TRACE|OGL.Infrastructure.Services.DataInitializer|Adding user: user7 |url: |action: 
2019-03-28 14:59:07.7595||TRACE|OGL.Infrastructure.Services.DataInitializer|Adding user: user8 |url: |action: 
2019-03-28 14:59:07.7780||TRACE|OGL.Infrastructure.Services.DataInitializer|Adding user: user9 |url: |action: 
2019-03-28 14:59:07.8110||TRACE|OGL.Infrastructure.Services.DataInitializer|Adding user: user10 |url: |action: 
2019-03-28 14:59:07.8330||TRACE|OGL.Infrastructure.Services.DataInitializer|Adding admin: adminuser1 |url: |action: 
2019-03-28 14:59:07.8330||TRACE|OGL.Infrastructure.Services.DataInitializer|Adding category: 1 |url: |action: 
2019-03-28 14:59:07.8631||TRACE|OGL.Infrastructure.Services.DataInitializer|Adding admin: adminuser2 |url: |action: 
2019-03-28 14:59:07.8631||TRACE|OGL.Infrastructure.Services.DataInitializer|Adding category: 2 |url: |action: 
2019-03-28 14:59:07.8779||TRACE|OGL.Infrastructure.Services.DataInitializer|Adding admin: adminuser3 |url: |action: 
2019-03-28 14:59:07.8779||TRACE|OGL.Infrastructure.Services.DataInitializer|Adding category: 3 |url: |action: 
2019-03-28 14:59:07.8932||TRACE|OGL.Infrastructure.Services.DataInitializer|Adding admin: adminuser4 |url: |action: 
2019-03-28 14:59:07.8932||TRACE|OGL.Infrastructure.Services.DataInitializer|Adding category: 4 |url: |action: 
2019-03-28 14:59:19.8244|1|ERROR|Microsoft.AspNetCore.Diagnostics.DeveloperExceptionPageMiddleware|An unhandled exception has occurred while executing the request. System.InvalidCastException: Unable to cast object of type 'OGL.Infrastructure.DTO.CategoryDto' to type 'OGL.Infrastructure.DTO.CategoryDetailDto'.
   at lambda_method(Closure , Category , CategoryDetailDto , ResolutionContext )
   at AutoMapper.Mapper.AutoMapper.IMapper.Map[TSource,TDestination](TSource source) in C:\projects\automapper\src\AutoMapper\Mapper.cs:line 233
   at OGL.Infrastructure.Services.CategoryService.GetByIdAsync(Int32 categoryId) in C:\Users\Tomasz\Desktop\Programowanie\C#\OGL\OGL.Infrastructure\Services\CategoryService.cs:line 60
   at Ogl.Web.Controllers.CategoryController.GetAsync(Int32 categoryId) in C:\Users\Tomasz\Desktop\Programowanie\C#\OGL\Ogl.Web\Controllers\CategoryController.cs:line 44
   at Microsoft.AspNetCore.Mvc.Internal.ActionMethodExecutor.TaskOfIActionResultExecutor.Execute(IActionResultTypeMapper mapper, ObjectMethodExecutor executor, Object controller, Object[] arguments)
   at Microsoft.AspNetCore.Mvc.Internal.ControllerActionInvoker.InvokeActionMethodAsync()
   at Microsoft.AspNetCore.Mvc.Internal.ControllerActionInvoker.InvokeNextActionFilterAsync()
   at Microsoft.AspNetCore.Mvc.Internal.ControllerActionInvoker.Rethrow(ActionExecutedContext context)
   at Microsoft.AspNetCore.Mvc.Internal.ControllerActionInvoker.Next(State& next, Scope& scope, Object& state, Boolean& isCompleted)
   at Microsoft.AspNetCore.Mvc.Internal.ControllerActionInvoker.InvokeInnerFilterAsync()
   at Microsoft.AspNetCore.Mvc.Internal.ResourceInvoker.InvokeNextResourceFilter()
   at Microsoft.AspNetCore.Mvc.Internal.ResourceInvoker.Rethrow(ResourceExecutedContext context)
   at Microsoft.AspNetCore.Mvc.Internal.ResourceInvoker.Next(State& next, Scope& scope, Object& state, Boolean& isCompleted)
   at Microsoft.AspNetCore.Mvc.Internal.ResourceInvoker.InvokeFilterPipelineAsync()
   at Microsoft.AspNetCore.Mvc.Internal.ResourceInvoker.InvokeAsync()
   at Microsoft.AspNetCore.Builder.RouterMiddleware.Invoke(HttpContext httpContext)
   at Microsoft.AspNetCore.Authentication.AuthenticationMiddleware.Invoke(HttpContext context)
   at Microsoft.AspNetCore.Diagnostics.DeveloperExceptionPageMiddleware.Invoke(HttpContext context)|url: https://localhost/category/4|action: GetAsync
2019-03-28 14:59:59.6057||DEBUG|OGL.Web.Program|init main |url: |action: 
2019-03-28 15:00:03.2426||TRACE|OGL.Infrastructure.Services.DataInitializer|Initializing data.. |url: |action: 
2019-03-28 15:00:03.2783||TRACE|OGL.Infrastructure.Services.DataInitializer|Adding user: user1 |url: |action: 
2019-03-28 15:00:03.2949||TRACE|OGL.Infrastructure.Services.DataInitializer|Adding user: user2 |url: |action: 
2019-03-28 15:00:03.3136||TRACE|OGL.Infrastructure.Services.DataInitializer|Adding user: user3 |url: |action: 
2019-03-28 15:00:03.3280||TRACE|OGL.Infrastructure.Services.DataInitializer|Adding user: user4 |url: |action: 
2019-03-28 15:00:03.3425||TRACE|OGL.Infrastructure.Services.DataInitializer|Adding user: user5 |url: |action: 
2019-03-28 15:00:03.3561||TRACE|OGL.Infrastructure.Services.DataInitializer|Adding user: user6 |url: |action: 
2019-03-28 15:00:03.3696||TRACE|OGL.Infrastructure.Services.DataInitializer|Adding user: user7 |url: |action: 
2019-03-28 15:00:03.3831||TRACE|OGL.Infrastructure.Services.DataInitializer|Adding user: user8 |url: |action: 
2019-03-28 15:00:03.3974||TRACE|OGL.Infrastructure.Services.DataInitializer|Adding user: user9 |url: |action: 
2019-03-28 15:00:03.4107||TRACE|OGL.Infrastructure.Services.DataInitializer|Adding user: user10 |url: |action: 
2019-03-28 15:00:03.4248||TRACE|OGL.Infrastructure.Services.DataInitializer|Adding admin: adminuser1 |url: |action: 
2019-03-28 15:00:03.4412||TRACE|OGL.Infrastructure.Services.DataInitializer|Adding category: 1 |url: |action: 
2019-03-28 15:00:03.4708||TRACE|OGL.Infrastructure.Services.DataInitializer|Adding admin: adminuser2 |url: |action: 
2019-03-28 15:00:03.4708||TRACE|OGL.Infrastructure.Services.DataInitializer|Adding category: 2 |url: |action: 
2019-03-28 15:00:03.4871||TRACE|OGL.Infrastructure.Services.DataInitializer|Adding admin: adminuser3 |url: |action: 
2019-03-28 15:00:03.4871||TRACE|OGL.Infrastructure.Services.DataInitializer|Adding category: 3 |url: |action: 
2019-03-28 15:00:03.5083||TRACE|OGL.Infrastructure.Services.DataInitializer|Adding admin: adminuser4 |url: |action: 
2019-03-28 15:00:03.5083||TRACE|OGL.Infrastructure.Services.DataInitializer|Adding category: 4 |url: |action: 
2019-03-28 15:01:22.5504||DEBUG|OGL.Web.Program|init main |url: |action: 
2019-03-28 15:01:25.9797||TRACE|OGL.Infrastructure.Services.DataInitializer|Initializing data.. |url: |action: 
2019-03-28 15:01:26.0235||TRACE|OGL.Infrastructure.Services.DataInitializer|Adding user: user1 |url: |action: 
2019-03-28 15:01:26.0413||TRACE|OGL.Infrastructure.Services.DataInitializer|Adding user: user2 |url: |action: 
2019-03-28 15:01:26.0629||TRACE|OGL.Infrastructure.Services.DataInitializer|Adding user: user3 |url: |action: 
2019-03-28 15:01:26.0819||TRACE|OGL.Infrastructure.Services.DataInitializer|Adding user: user4 |url: |action: 
2019-03-28 15:01:26.1013||TRACE|OGL.Infrastructure.Services.DataInitializer|Adding user: user5 |url: |action: 
2019-03-28 15:01:26.1325||TRACE|OGL.Infrastructure.Services.DataInitializer|Adding user: user6 |url: |action: 
2019-03-28 15:01:26.1587||TRACE|OGL.Infrastructure.Services.DataInitializer|Adding user: user7 |url: |action: 
2019-03-28 15:01:26.1746||TRACE|OGL.Infrastructure.Services.DataInitializer|Adding user: user8 |url: |action: 
2019-03-28 15:01:26.1889||TRACE|OGL.Infrastructure.Services.DataInitializer|Adding user: user9 |url: |action: 
2019-03-28 15:01:26.1889||TRACE|OGL.Infrastructure.Services.DataInitializer|Adding user: user10 |url: |action: 
2019-03-28 15:01:26.2181||TRACE|OGL.Infrastructure.Services.DataInitializer|Adding admin: adminuser1 |url: |action: 
2019-03-28 15:01:26.2228||TRACE|OGL.Infrastructure.Services.DataInitializer|Adding category: 1 |url: |action: 
2019-03-28 15:01:26.2435||TRACE|OGL.Infrastructure.Services.DataInitializer|Adding admin: adminuser2 |url: |action: 
2019-03-28 15:01:26.2435||TRACE|OGL.Infrastructure.Services.DataInitializer|Adding category: 2 |url: |action: 
2019-03-28 15:01:26.2579||TRACE|OGL.Infrastructure.Services.DataInitializer|Adding admin: adminuser3 |url: |action: 
2019-03-28 15:01:26.2579||TRACE|OGL.Infrastructure.Services.DataInitializer|Adding category: 3 |url: |action: 
2019-03-28 15:01:26.2732||TRACE|OGL.Infrastructure.Services.DataInitializer|Adding admin: adminuser4 |url: |action: 
2019-03-28 15:01:26.2732||TRACE|OGL.Infrastructure.Services.DataInitializer|Adding category: 4 |url: |action: 
2019-03-28 15:04:31.3397||DEBUG|OGL.Web.Program|init main |url: |action: 
2019-03-28 15:04:34.2598||TRACE|OGL.Infrastructure.Services.DataInitializer|Initializing data.. |url: |action: 
2019-03-28 15:04:34.2900||TRACE|OGL.Infrastructure.Services.DataInitializer|Adding user: user1 |url: |action: 
2019-03-28 15:04:34.3048||TRACE|OGL.Infrastructure.Services.DataInitializer|Adding user: user2 |url: |action: 
2019-03-28 15:04:34.3192||TRACE|OGL.Infrastructure.Services.DataInitializer|Adding user: user3 |url: |action: 
2019-03-28 15:04:34.3336||TRACE|OGL.Infrastructure.Services.DataInitializer|Adding user: user4 |url: |action: 
2019-03-28 15:04:34.3495||TRACE|OGL.Infrastructure.Services.DataInitializer|Adding user: user5 |url: |action: 
2019-03-28 15:04:34.3642||TRACE|OGL.Infrastructure.Services.DataInitializer|Adding user: user6 |url: |action: 
2019-03-28 15:04:34.3776||TRACE|OGL.Infrastructure.Services.DataInitializer|Adding user: user7 |url: |action: 
2019-03-28 15:04:34.3926||TRACE|OGL.Infrastructure.Services.DataInitializer|Adding user: user8 |url: |action: 
2019-03-28 15:04:34.3926||TRACE|OGL.Infrastructure.Services.DataInitializer|Adding user: user9 |url: |action: 
2019-03-28 15:04:34.4218||TRACE|OGL.Infrastructure.Services.DataInitializer|Adding user: user10 |url: |action: 
2019-03-28 15:04:34.4357||TRACE|OGL.Infrastructure.Services.DataInitializer|Adding admin: adminuser1 |url: |action: 
2019-03-28 15:04:34.4398||TRACE|OGL.Infrastructure.Services.DataInitializer|Adding category: 1 |url: |action: 
2019-03-28 15:04:34.4583||TRACE|OGL.Infrastructure.Services.DataInitializer|Adding admin: adminuser2 |url: |action: 
2019-03-28 15:04:34.4583||TRACE|OGL.Infrastructure.Services.DataInitializer|Adding category: 2 |url: |action: 
2019-03-28 15:04:34.4746||TRACE|OGL.Infrastructure.Services.DataInitializer|Adding admin: adminuser3 |url: |action: 
2019-03-28 15:04:34.4746||TRACE|OGL.Infrastructure.Services.DataInitializer|Adding category: 3 |url: |action: 
2019-03-28 15:04:34.4895||TRACE|OGL.Infrastructure.Services.DataInitializer|Adding admin: adminuser4 |url: |action: 
2019-03-28 15:04:34.4895||TRACE|OGL.Infrastructure.Services.DataInitializer|Adding category: 4 |url: |action: 
2019-03-28 15:06:38.7363||DEBUG|OGL.Web.Program|init main |url: |action: 
2019-03-28 15:06:41.7997||TRACE|OGL.Infrastructure.Services.DataInitializer|Initializing data.. |url: |action: 
2019-03-28 15:06:41.8363||TRACE|OGL.Infrastructure.Services.DataInitializer|Adding user: user1 |url: |action: 
2019-03-28 15:06:41.8594||TRACE|OGL.Infrastructure.Services.DataInitializer|Adding user: user2 |url: |action: 
2019-03-28 15:06:41.8881||TRACE|OGL.Infrastructure.Services.DataInitializer|Adding user: user3 |url: |action: 
2019-03-28 15:06:41.9133||TRACE|OGL.Infrastructure.Services.DataInitializer|Adding user: user4 |url: |action: 
2019-03-28 15:06:41.9312||TRACE|OGL.Infrastructure.Services.DataInitializer|Adding user: user5 |url: |action: 
2019-03-28 15:06:41.9568||TRACE|OGL.Infrastructure.Services.DataInitializer|Adding user: user6 |url: |action: 
2019-03-28 15:06:41.9981||TRACE|OGL.Infrastructure.Services.DataInitializer|Adding user: user7 |url: |action: 
2019-03-28 15:06:42.0208||TRACE|OGL.Infrastructure.Services.DataInitializer|Adding user: user8 |url: |action: 
2019-03-28 15:06:42.0445||TRACE|OGL.Infrastructure.Services.DataInitializer|Adding user: user9 |url: |action: 
2019-03-28 15:06:42.0596||TRACE|OGL.Infrastructure.Services.DataInitializer|Adding user: user10 |url: |action: 
2019-03-28 15:06:42.0762||TRACE|OGL.Infrastructure.Services.DataInitializer|Adding admin: adminuser1 |url: |action: 
2019-03-28 15:06:42.0806||TRACE|OGL.Infrastructure.Services.DataInitializer|Adding category: 1 |url: |action: 
2019-03-28 15:06:42.1027||TRACE|OGL.Infrastructure.Services.DataInitializer|Adding admin: adminuser2 |url: |action: 
2019-03-28 15:06:42.1027||TRACE|OGL.Infrastructure.Services.DataInitializer|Adding category: 2 |url: |action: 
2019-03-28 15:06:42.1194||TRACE|OGL.Infrastructure.Services.DataInitializer|Adding admin: adminuser3 |url: |action: 
2019-03-28 15:06:42.1194||TRACE|OGL.Infrastructure.Services.DataInitializer|Adding category: 3 |url: |action: 
2019-03-28 15:06:42.1352||TRACE|OGL.Infrastructure.Services.DataInitializer|Adding admin: adminuser4 |url: |action: 
2019-03-28 15:06:42.1352||TRACE|OGL.Infrastructure.Services.DataInitializer|Adding category: 4 |url: |action: 
2019-03-28 15:10:30.1128||DEBUG|OGL.Web.Program|init main |url: |action: 
2019-03-28 15:10:33.0656||TRACE|OGL.Infrastructure.Services.DataInitializer|Initializing data.. |url: |action: 
2019-03-28 15:10:33.0969||TRACE|OGL.Infrastructure.Services.DataInitializer|Adding user: user1 |url: |action: 
2019-03-28 15:10:33.1106||TRACE|OGL.Infrastructure.Services.DataInitializer|Adding user: user2 |url: |action: 
2019-03-28 15:10:33.1106||TRACE|OGL.Infrastructure.Services.DataInitializer|Adding user: user3 |url: |action: 
2019-03-28 15:10:33.1386||TRACE|OGL.Infrastructure.Services.DataInitializer|Adding user: user4 |url: |action: 
2019-03-28 15:10:33.1519||TRACE|OGL.Infrastructure.Services.DataInitializer|Adding user: user5 |url: |action: 
2019-03-28 15:10:33.1662||TRACE|OGL.Infrastructure.Services.DataInitializer|Adding user: user6 |url: |action: 
2019-03-28 15:10:33.1804||TRACE|OGL.Infrastructure.Services.DataInitializer|Adding user: user7 |url: |action: 
2019-03-28 15:10:33.1983||TRACE|OGL.Infrastructure.Services.DataInitializer|Adding user: user8 |url: |action: 
2019-03-28 15:10:33.2128||TRACE|OGL.Infrastructure.Services.DataInitializer|Adding user: user9 |url: |action: 
2019-03-28 15:10:33.2263||TRACE|OGL.Infrastructure.Services.DataInitializer|Adding user: user10 |url: |action: 
2019-03-28 15:10:33.2394||TRACE|OGL.Infrastructure.Services.DataInitializer|Adding admin: adminuser1 |url: |action: 
2019-03-28 15:10:33.2394||TRACE|OGL.Infrastructure.Services.DataInitializer|Adding category: 1 |url: |action: 
2019-03-28 15:10:33.2627||TRACE|OGL.Infrastructure.Services.DataInitializer|Adding admin: adminuser2 |url: |action: 
2019-03-28 15:10:33.2627||TRACE|OGL.Infrastructure.Services.DataInitializer|Adding category: 2 |url: |action: 
2019-03-28 15:10:33.2793||TRACE|OGL.Infrastructure.Services.DataInitializer|Adding admin: adminuser3 |url: |action: 
2019-03-28 15:10:33.2793||TRACE|OGL.Infrastructure.Services.DataInitializer|Adding category: 3 |url: |action: 
2019-03-28 15:10:33.2952||TRACE|OGL.Infrastructure.Services.DataInitializer|Adding admin: adminuser4 |url: |action: 
2019-03-28 15:10:33.2952||TRACE|OGL.Infrastructure.Services.DataInitializer|Adding category: 4 |url: |action: 
2019-03-28 15:12:55.8621||DEBUG|OGL.Web.Program|init main |url: |action: 
2019-03-28 15:12:58.8838||TRACE|OGL.Infrastructure.Services.DataInitializer|Initializing data.. |url: |action: 
2019-03-28 15:12:58.9339||TRACE|OGL.Infrastructure.Services.DataInitializer|Adding user: user1 |url: |action: 
2019-03-28 15:12:58.9572||TRACE|OGL.Infrastructure.Services.DataInitializer|Adding user: user2 |url: |action: 
2019-03-28 15:12:58.9732||TRACE|OGL.Infrastructure.Services.DataInitializer|Adding user: user3 |url: |action: 
2019-03-28 15:12:58.9877||TRACE|OGL.Infrastructure.Services.DataInitializer|Adding user: user4 |url: |action: 
2019-03-28 15:12:59.0020||TRACE|OGL.Infrastructure.Services.DataInitializer|Adding user: user5 |url: |action: 
2019-03-28 15:12:59.0217||TRACE|OGL.Infrastructure.Services.DataInitializer|Adding user: user6 |url: |action: 
2019-03-28 15:12:59.0401||TRACE|OGL.Infrastructure.Services.DataInitializer|Adding user: user7 |url: |action: 
2019-03-28 15:12:59.0654||TRACE|OGL.Infrastructure.Services.DataInitializer|Adding user: user8 |url: |action: 
2019-03-28 15:12:59.0825||TRACE|OGL.Infrastructure.Services.DataInitializer|Adding user: user9 |url: |action: 
2019-03-28 15:12:59.1036||TRACE|OGL.Infrastructure.Services.DataInitializer|Adding user: user10 |url: |action: 
2019-03-28 15:12:59.1252||TRACE|OGL.Infrastructure.Services.DataInitializer|Adding admin: adminuser1 |url: |action: 
2019-03-28 15:12:59.1319||TRACE|OGL.Infrastructure.Services.DataInitializer|Adding category: 1 |url: |action: 
2019-03-28 15:12:59.1530||TRACE|OGL.Infrastructure.Services.DataInitializer|Adding admin: adminuser2 |url: |action: 
2019-03-28 15:12:59.1530||TRACE|OGL.Infrastructure.Services.DataInitializer|Adding category: 2 |url: |action: 
2019-03-28 15:12:59.1713||TRACE|OGL.Infrastructure.Services.DataInitializer|Adding admin: adminuser3 |url: |action: 
2019-03-28 15:12:59.1713||TRACE|OGL.Infrastructure.Services.DataInitializer|Adding category: 3 |url: |action: 
2019-03-28 15:12:59.1908||TRACE|OGL.Infrastructure.Services.DataInitializer|Adding admin: adminuser4 |url: |action: 
2019-03-28 15:12:59.1908||TRACE|OGL.Infrastructure.Services.DataInitializer|Adding category: 4 |url: |action: 
2019-03-28 15:16:09.2714||DEBUG|OGL.Web.Program|init main |url: |action: 
2019-03-28 15:16:12.2685||TRACE|OGL.Infrastructure.Services.DataInitializer|Initializing data.. |url: |action: 
2019-03-28 15:16:12.2976||TRACE|OGL.Infrastructure.Services.DataInitializer|Adding user: user1 |url: |action: 
2019-03-28 15:16:12.3192||TRACE|OGL.Infrastructure.Services.DataInitializer|Adding user: user2 |url: |action: 
2019-03-28 15:16:12.3367||TRACE|OGL.Infrastructure.Services.DataInitializer|Adding user: user3 |url: |action: 
2019-03-28 15:16:12.3535||TRACE|OGL.Infrastructure.Services.DataInitializer|Adding user: user4 |url: |action: 
2019-03-28 15:16:12.3699||TRACE|OGL.Infrastructure.Services.DataInitializer|Adding user: user5 |url: |action: 
2019-03-28 15:16:12.3841||TRACE|OGL.Infrastructure.Services.DataInitializer|Adding user: user6 |url: |action: 
2019-03-28 15:16:12.3975||TRACE|OGL.Infrastructure.Services.DataInitializer|Adding user: user7 |url: |action: 
2019-03-28 15:16:12.4107||TRACE|OGL.Infrastructure.Services.DataInitializer|Adding user: user8 |url: |action: 
2019-03-28 15:16:12.4243||TRACE|OGL.Infrastructure.Services.DataInitializer|Adding user: user9 |url: |action: 
2019-03-28 15:16:12.4243||TRACE|OGL.Infrastructure.Services.DataInitializer|Adding user: user10 |url: |action: 
2019-03-28 15:16:12.4550||TRACE|OGL.Infrastructure.Services.DataInitializer|Adding admin: adminuser1 |url: |action: 
2019-03-28 15:16:12.4550||TRACE|OGL.Infrastructure.Services.DataInitializer|Adding category: 1 |url: |action: 
2019-03-28 15:16:12.4550||TRACE|OGL.Infrastructure.Services.DataInitializer|Adding advertisement to: 1 |url: |action: 
2019-03-28 15:16:12.4791||TRACE|OGL.Infrastructure.Services.DataInitializer|Adding admin: adminuser2 |url: |action: 
2019-03-28 15:16:12.4791||TRACE|OGL.Infrastructure.Services.DataInitializer|Adding category: 2 |url: |action: 
2019-03-28 15:16:12.4791||TRACE|OGL.Infrastructure.Services.DataInitializer|Adding advertisement to: 2 |url: |action: 
2019-03-28 15:16:12.4984||TRACE|OGL.Infrastructure.Services.DataInitializer|Adding admin: adminuser3 |url: |action: 
2019-03-28 15:16:12.4984||TRACE|OGL.Infrastructure.Services.DataInitializer|Adding category: 3 |url: |action: 
2019-03-28 15:16:12.5008||TRACE|OGL.Infrastructure.Services.DataInitializer|Adding advertisement to: 3 |url: |action: 
2019-03-28 15:16:12.5217||TRACE|OGL.Infrastructure.Services.DataInitializer|Adding admin: adminuser4 |url: |action: 
2019-03-28 15:16:12.5217||TRACE|OGL.Infrastructure.Services.DataInitializer|Adding category: 4 |url: |action: 
2019-03-28 15:16:12.5217||TRACE|OGL.Infrastructure.Services.DataInitializer|Adding advertisement to: 4 |url: |action: 
2019-03-28 17:39:19.9740||DEBUG|OGL.Web.Program|init main |url: |action: 
2019-03-28 17:43:25.4076|6|FATAL|Microsoft.AspNetCore.Hosting.Internal.WebHost|Application startup exception Autofac.Core.DependencyResolutionException: An exception was thrown while activating OGL.Infrastructure.Services.DataInitializer -> OGL.Infrastructure.Services.UserService -> OGL.Infrastructure.Repositories.UserSqlRepo. ---> Autofac.Core.DependencyResolutionException: None of the constructors found with 'Autofac.Core.Activators.Reflection.DefaultConstructorFinder' on type 'OGL.Infrastructure.Repositories.UserSqlRepo' can be invoked with the available services and parameters:
Cannot resolve parameter 'OGL.Infrastructure.EF.OglContext context' of constructor 'Void .ctor(OGL.Infrastructure.EF.OglContext)'.
   at Autofac.Core.Activators.Reflection.ReflectionActivator.GetValidConstructorBindings(IComponentContext context, IEnumerable`1 parameters) in C:\projects\autofac\src\Autofac\Core\Activators\Reflection\ReflectionActivator.cs:line 160
   at Autofac.Core.Activators.Reflection.ReflectionActivator.ActivateInstance(IComponentContext context, IEnumerable`1 parameters) in C:\projects\autofac\src\Autofac\Core\Activators\Reflection\ReflectionActivator.cs:line 120
   at Autofac.Core.Resolving.InstanceLookup.Activate(IEnumerable`1 parameters, Object& decoratorTarget) in C:\projects\autofac\src\Autofac\Core\Resolving\InstanceLookup.cs:line 118
   --- End of inner exception stack trace ---
   at Autofac.Core.Resolving.InstanceLookup.Activate(IEnumerable`1 parameters, Object& decoratorTarget) in C:\projects\autofac\src\Autofac\Core\Resolving\InstanceLookup.cs:line 136
   at Autofac.Core.Lifetime.LifetimeScope.GetOrCreateAndShare(Guid id, Func`1 creator) in C:\projects\autofac\src\Autofac\Core\Lifetime\LifetimeScope.cs:line 306
   at Autofac.Core.Resolving.InstanceLookup.Execute() in C:\projects\autofac\src\Autofac\Core\Resolving\InstanceLookup.cs:line 85
   at Autofac.Core.Resolving.ResolveOperation.GetOrCreateInstance(ISharingLifetimeScope currentOperationScope, IComponentRegistration registration, IEnumerable`1 parameters) in C:\projects\autofac\src\Autofac\Core\Resolving\ResolveOperation.cs:line 130
   at Autofac.Core.Resolving.ResolveOperation.Execute(IComponentRegistration registration, IEnumerable`1 parameters) in C:\projects\autofac\src\Autofac\Core\Resolving\ResolveOperation.cs:line 83
   at Autofac.ResolutionExtensions.TryResolveService(IComponentContext context, Service service, IEnumerable`1 parameters, Object& instance) in C:\projects\autofac\src\Autofac\ResolutionExtensions.cs:line 1041
   at Autofac.ResolutionExtensions.ResolveOptionalService(IComponentContext context, Service service, IEnumerable`1 parameters) in C:\projects\autofac\src\Autofac\ResolutionExtensions.cs:line 814
   at Microsoft.Extensions.DependencyInjection.ServiceProviderServiceExtensions.GetService[T](IServiceProvider provider)
   at OGL.Web.Startup.Configure(IApplicationBuilder app, IHostingEnvironment env, IApplicationLifetime lifetime) in C:\Users\Tomasz\Desktop\Programowanie\C#\OGL\Ogl.Web\Startup.cs:line 87
--- End of stack trace from previous location where exception was thrown ---
   at Microsoft.AspNetCore.Hosting.ConventionBasedStartup.Configure(IApplicationBuilder app)
   at Microsoft.AspNetCore.Server.IIS.Core.IISServerSetupFilter.<>c__DisplayClass2_0.<Configure>b__0(IApplicationBuilder app)
   at Microsoft.AspNetCore.HostFilteringStartupFilter.<>c__DisplayClass0_0.<Configure>b__0(IApplicationBuilder app)
   at Microsoft.AspNetCore.Hosting.Internal.AutoRequestServicesStartupFilter.<>c__DisplayClass0_0.<Configure>b__0(IApplicationBuilder builder)
   at Microsoft.AspNetCore.Hosting.Internal.WebHost.BuildApplication()|url: |action: 
2019-03-28 17:46:26.7846||DEBUG|OGL.Web.Program|init main |url: |action: 
2019-03-28 17:46:33.5507||TRACE|OGL.Infrastructure.Services.DataInitializer|Initializing data.. |url: |action: 
2019-03-28 17:46:34.7641||TRACE|OGL.Infrastructure.Services.DataInitializer|Adding user: user1 |url: |action: 
2019-03-28 17:46:35.0130||TRACE|OGL.Infrastructure.Services.DataInitializer|Adding user: user2 |url: |action: 
2019-03-28 17:46:35.2122||TRACE|OGL.Infrastructure.Services.DataInitializer|Adding user: user3 |url: |action: 
2019-03-28 17:46:35.4551||TRACE|OGL.Infrastructure.Services.DataInitializer|Adding user: user4 |url: |action: 
2019-03-28 17:46:35.5974||TRACE|OGL.Infrastructure.Services.DataInitializer|Adding user: user5 |url: |action: 
2019-03-28 17:46:35.7601||TRACE|OGL.Infrastructure.Services.DataInitializer|Adding user: user6 |url: |action: 
2019-03-28 17:46:35.9093||TRACE|OGL.Infrastructure.Services.DataInitializer|Adding user: user7 |url: |action: 
2019-03-28 17:46:36.0588||TRACE|OGL.Infrastructure.Services.DataInitializer|Adding user: user8 |url: |action: 
2019-03-28 17:46:36.1900||TRACE|OGL.Infrastructure.Services.DataInitializer|Adding user: user9 |url: |action: 
2019-03-28 17:46:36.3259||TRACE|OGL.Infrastructure.Services.DataInitializer|Adding user: user10 |url: |action: 
2019-03-28 17:46:36.4498||TRACE|OGL.Infrastructure.Services.DataInitializer|Adding admin: adminuser1 |url: |action: 
2019-03-28 17:46:36.4565||TRACE|OGL.Infrastructure.Services.DataInitializer|Adding category: 1 |url: |action: 
2019-03-28 17:46:36.5726||TRACE|OGL.Infrastructure.Services.DataInitializer|Adding advertisement to: 1 |url: |action: 
2019-03-28 17:46:36.7122||TRACE|OGL.Infrastructure.Services.DataInitializer|Adding admin: adminuser2 |url: |action: 
2019-03-28 17:46:36.7122||TRACE|OGL.Infrastructure.Services.DataInitializer|Adding category: 2 |url: |action: 
2019-03-28 17:46:36.7806||TRACE|OGL.Infrastructure.Services.DataInitializer|Adding advertisement to: 2 |url: |action: 
2019-03-28 17:46:36.9318||TRACE|OGL.Infrastructure.Services.DataInitializer|Adding admin: adminuser3 |url: |action: 
2019-03-28 17:46:36.9318||TRACE|OGL.Infrastructure.Services.DataInitializer|Adding category: 3 |url: |action: 
2019-03-28 17:46:37.0128||TRACE|OGL.Infrastructure.Services.DataInitializer|Adding advertisement to: 3 |url: |action: 
2019-03-28 17:46:37.1575||TRACE|OGL.Infrastructure.Services.DataInitializer|Adding admin: adminuser4 |url: |action: 
2019-03-28 17:46:37.1600||TRACE|OGL.Infrastructure.Services.DataInitializer|Adding category: 4 |url: |action: 
2019-03-28 17:46:37.2138||TRACE|OGL.Infrastructure.Services.DataInitializer|Adding advertisement to: 4 |url: |action: 
2019-03-28 17:46:56.2951||DEBUG|OGL.Web.Program|init main |url: |action: 
2019-03-28 17:47:02.1152||TRACE|OGL.Infrastructure.Services.DataInitializer|Data was already initialized. |url: |action: 
2019-03-28 21:27:26.1074||DEBUG|OGL.Web.Program|init main |url: |action: 
2019-03-28 21:27:32.4250||TRACE|OGL.Infrastructure.Services.DataInitializer|Data was already initialized. |url: |action: 
2019-03-28 21:27:32.8598|20102|ERROR|Microsoft.EntityFrameworkCore.Database.Command|Failed executing DbCommand (121ms) [Parameters=[], CommandType='Text', CommandTimeout='30']
SELECT [c].[CategoryId], [c].[Name]
FROM [Categories] AS [c] System.Data.SqlClient.SqlException (0x80131904): Invalid object name 'Categories'.
   at System.Data.SqlClient.SqlCommand.<>c.<ExecuteDbDataReaderAsync>b__122_0(Task`1 result)
   at System.Threading.Tasks.ContinuationResultTaskFromResultTask`2.InnerInvoke()
   at System.Threading.ExecutionContext.RunInternal(ExecutionContext executionContext, ContextCallback callback, Object state)
--- End of stack trace from previous location where exception was thrown ---
   at System.Threading.Tasks.Task.ExecuteWithThreadLocal(Task& currentTaskSlot)
--- End of stack trace from previous location where exception was thrown ---
   at Microsoft.EntityFrameworkCore.Storage.Internal.RelationalCommand.ExecuteAsync(IRelationalConnection connection, DbCommandMethod executeMethod, IReadOnlyDictionary`2 parameterValues, CancellationToken cancellationToken)
ClientConnectionId:944aeac9-1ad6-4571-9c40-32716b8fab9e
Error Number:208,State:1,Class:16|url: https://localhost/category/|action: Get
2019-03-28 21:27:33.0224|10100|ERROR|Microsoft.EntityFrameworkCore.Query|An exception occurred while iterating over the results of a query for context type 'OGL.Infrastructure.EF.OglContext'.
System.Data.SqlClient.SqlException (0x80131904): Invalid object name 'Categories'.
   at System.Data.SqlClient.SqlCommand.<>c.<ExecuteDbDataReaderAsync>b__122_0(Task`1 result)
   at System.Threading.Tasks.ContinuationResultTaskFromResultTask`2.InnerInvoke()
   at System.Threading.ExecutionContext.RunInternal(ExecutionContext executionContext, ContextCallback callback, Object state)
--- End of stack trace from previous location where exception was thrown ---
   at System.Threading.Tasks.Task.ExecuteWithThreadLocal(Task& currentTaskSlot)
--- End of stack trace from previous location where exception was thrown ---
   at Microsoft.EntityFrameworkCore.Storage.Internal.RelationalCommand.ExecuteAsync(IRelationalConnection connection, DbCommandMethod executeMethod, IReadOnlyDictionary`2 parameterValues, CancellationToken cancellationToken)
   at Microsoft.EntityFrameworkCore.Query.Internal.AsyncQueryingEnumerable`1.AsyncEnumerator.BufferlessMoveNext(DbContext _, Boolean buffer, CancellationToken cancellationToken)
   at Microsoft.EntityFrameworkCore.SqlServer.Storage.Internal.SqlServerExecutionStrategy.ExecuteAsync[TState,TResult](TState state, Func`4 operation, Func`4 verifySucceeded, CancellationToken cancellationToken)
   at Microsoft.EntityFrameworkCore.Query.Internal.AsyncQueryingEnumerable`1.AsyncEnumerator.MoveNext(CancellationToken cancellationToken)
   at System.Linq.AsyncEnumerable.SelectEnumerableAsyncIterator`2.MoveNextCore(CancellationToken cancellationToken) in D:\a\1\s\Ix.NET\Source\System.Interactive.Async\Select.cs:line 106
   at System.Linq.AsyncEnumerable.AsyncIterator`1.MoveNext(CancellationToken cancellationToken) in D:\a\1\s\Ix.NET\Source\System.Interactive.Async\AsyncIterator.cs:line 98
   at Microsoft.EntityFrameworkCore.Query.Internal.AsyncLinqOperatorProvider.ExceptionInterceptor`1.EnumeratorExceptionInterceptor.MoveNext(CancellationToken cancellationToken)
ClientConnectionId:944aeac9-1ad6-4571-9c40-32716b8fab9e
Error Number:208,State:1,Class:16 System.Data.SqlClient.SqlException (0x80131904): Invalid object name 'Categories'.
   at System.Data.SqlClient.SqlCommand.<>c.<ExecuteDbDataReaderAsync>b__122_0(Task`1 result)
   at System.Threading.Tasks.ContinuationResultTaskFromResultTask`2.InnerInvoke()
   at System.Threading.ExecutionContext.RunInternal(ExecutionContext executionContext, ContextCallback callback, Object state)
--- End of stack trace from previous location where exception was thrown ---
   at System.Threading.Tasks.Task.ExecuteWithThreadLocal(Task& currentTaskSlot)
--- End of stack trace from previous location where exception was thrown ---
   at Microsoft.EntityFrameworkCore.Storage.Internal.RelationalCommand.ExecuteAsync(IRelationalConnection connection, DbCommandMethod executeMethod, IReadOnlyDictionary`2 parameterValues, CancellationToken cancellationToken)
   at Microsoft.EntityFrameworkCore.Query.Internal.AsyncQueryingEnumerable`1.AsyncEnumerator.BufferlessMoveNext(DbContext _, Boolean buffer, CancellationToken cancellationToken)
   at Microsoft.EntityFrameworkCore.SqlServer.Storage.Internal.SqlServerExecutionStrategy.ExecuteAsync[TState,TResult](TState state, Func`4 operation, Func`4 verifySucceeded, CancellationToken cancellationToken)
   at Microsoft.EntityFrameworkCore.Query.Internal.AsyncQueryingEnumerable`1.AsyncEnumerator.MoveNext(CancellationToken cancellationToken)
   at System.Linq.AsyncEnumerable.SelectEnumerableAsyncIterator`2.MoveNextCore(CancellationToken cancellationToken) in D:\a\1\s\Ix.NET\Source\System.Interactive.Async\Select.cs:line 106
   at System.Linq.AsyncEnumerable.AsyncIterator`1.MoveNext(CancellationToken cancellationToken) in D:\a\1\s\Ix.NET\Source\System.Interactive.Async\AsyncIterator.cs:line 98
   at Microsoft.EntityFrameworkCore.Query.Internal.AsyncLinqOperatorProvider.ExceptionInterceptor`1.EnumeratorExceptionInterceptor.MoveNext(CancellationToken cancellationToken)
ClientConnectionId:944aeac9-1ad6-4571-9c40-32716b8fab9e
Error Number:208,State:1,Class:16|url: https://localhost/category/|action: Get
2019-03-28 21:27:33.3316|1|ERROR|Microsoft.AspNetCore.Diagnostics.DeveloperExceptionPageMiddleware|An unhandled exception has occurred while executing the request. System.Data.SqlClient.SqlException (0x80131904): Invalid object name 'Categories'.
   at System.Data.SqlClient.SqlCommand.<>c.<ExecuteDbDataReaderAsync>b__122_0(Task`1 result)
   at System.Threading.Tasks.ContinuationResultTaskFromResultTask`2.InnerInvoke()
   at System.Threading.ExecutionContext.RunInternal(ExecutionContext executionContext, ContextCallback callback, Object state)
--- End of stack trace from previous location where exception was thrown ---
   at System.Threading.Tasks.Task.ExecuteWithThreadLocal(Task& currentTaskSlot)
--- End of stack trace from previous location where exception was thrown ---
   at Microsoft.EntityFrameworkCore.Storage.Internal.RelationalCommand.ExecuteAsync(IRelationalConnection connection, DbCommandMethod executeMethod, IReadOnlyDictionary`2 parameterValues, CancellationToken cancellationToken)
   at Microsoft.EntityFrameworkCore.Query.Internal.AsyncQueryingEnumerable`1.AsyncEnumerator.BufferlessMoveNext(DbContext _, Boolean buffer, CancellationToken cancellationToken)
   at Microsoft.EntityFrameworkCore.SqlServer.Storage.Internal.SqlServerExecutionStrategy.ExecuteAsync[TState,TResult](TState state, Func`4 operation, Func`4 verifySucceeded, CancellationToken cancellationToken)
   at Microsoft.EntityFrameworkCore.Query.Internal.AsyncQueryingEnumerable`1.AsyncEnumerator.MoveNext(CancellationToken cancellationToken)
   at System.Linq.AsyncEnumerable.SelectEnumerableAsyncIterator`2.MoveNextCore(CancellationToken cancellationToken) in D:\a\1\s\Ix.NET\Source\System.Interactive.Async\Select.cs:line 106
   at System.Linq.AsyncEnumerable.AsyncIterator`1.MoveNext(CancellationToken cancellationToken) in D:\a\1\s\Ix.NET\Source\System.Interactive.Async\AsyncIterator.cs:line 98
   at Microsoft.EntityFrameworkCore.Query.Internal.AsyncLinqOperatorProvider.ExceptionInterceptor`1.EnumeratorExceptionInterceptor.MoveNext(CancellationToken cancellationToken)
   at System.Linq.AsyncEnumerable.Aggregate_[TSource,TAccumulate,TResult](IAsyncEnumerable`1 source, TAccumulate seed, Func`3 accumulator, Func`2 resultSelector, CancellationToken cancellationToken) in D:\a\1\s\Ix.NET\Source\System.Interactive.Async\Aggregate.cs:line 120
   at OGL.Infrastructure.Repositories.CategorySqlRepo.GetAllAsync() in C:\Users\Tomasz\Desktop\Programowanie\C#\OGL\OGL.Infrastructure\Repositories\CategorySqlRepo.cs:line 33
   at OGL.Infrastructure.Services.CategoryService.BrowseAsync() in C:\Users\Tomasz\Desktop\Programowanie\C#\OGL\OGL.Infrastructure\Services\CategoryService.cs:line 27
   at Ogl.Web.Controllers.CategoryController.Get() in C:\Users\Tomasz\Desktop\Programowanie\C#\OGL\Ogl.Web\Controllers\CategoryController.cs:line 24
   at Microsoft.AspNetCore.Mvc.Internal.ActionMethodExecutor.TaskOfIActionResultExecutor.Execute(IActionResultTypeMapper mapper, ObjectMethodExecutor executor, Object controller, Object[] arguments)
   at Microsoft.AspNetCore.Mvc.Internal.ControllerActionInvoker.InvokeActionMethodAsync()
   at Microsoft.AspNetCore.Mvc.Internal.ControllerActionInvoker.InvokeNextActionFilterAsync()
   at Microsoft.AspNetCore.Mvc.Internal.ControllerActionInvoker.Rethrow(ActionExecutedContext context)
   at Microsoft.AspNetCore.Mvc.Internal.ControllerActionInvoker.Next(State& next, Scope& scope, Object& state, Boolean& isCompleted)
   at Microsoft.AspNetCore.Mvc.Internal.ControllerActionInvoker.InvokeInnerFilterAsync()
   at Microsoft.AspNetCore.Mvc.Internal.ResourceInvoker.InvokeNextResourceFilter()
   at Microsoft.AspNetCore.Mvc.Internal.ResourceInvoker.Rethrow(ResourceExecutedContext context)
   at Microsoft.AspNetCore.Mvc.Internal.ResourceInvoker.Next(State& next, Scope& scope, Object& state, Boolean& isCompleted)
   at Microsoft.AspNetCore.Mvc.Internal.ResourceInvoker.InvokeFilterPipelineAsync()
   at Microsoft.AspNetCore.Mvc.Internal.ResourceInvoker.InvokeAsync()
   at Microsoft.AspNetCore.Builder.RouterMiddleware.Invoke(HttpContext httpContext)
   at Microsoft.AspNetCore.Authentication.AuthenticationMiddleware.Invoke(HttpContext context)
   at Microsoft.AspNetCore.Diagnostics.DeveloperExceptionPageMiddleware.Invoke(HttpContext context)
ClientConnectionId:944aeac9-1ad6-4571-9c40-32716b8fab9e
Error Number:208,State:1,Class:16|url: https://localhost/category/|action: Get
2019-03-28 21:32:08.9216||DEBUG|OGL.Web.Program|init main |url: |action: 
2019-03-28 21:32:13.4763||TRACE|OGL.Infrastructure.Services.DataInitializer|Data was already initialized. |url: |action: 
2019-03-28 21:32:21.8804|20102|ERROR|Microsoft.EntityFrameworkCore.Database.Command|Failed executing DbCommand (79ms) [Parameters=[], CommandType='Text', CommandTimeout='30']
SELECT [c].[CategoryId], [c].[Name]
FROM [Categories] AS [c] System.Data.SqlClient.SqlException (0x80131904): Invalid object name 'Categories'.
   at System.Data.SqlClient.SqlCommand.<>c.<ExecuteDbDataReaderAsync>b__122_0(Task`1 result)
   at System.Threading.Tasks.ContinuationResultTaskFromResultTask`2.InnerInvoke()
   at System.Threading.ExecutionContext.RunInternal(ExecutionContext executionContext, ContextCallback callback, Object state)
--- End of stack trace from previous location where exception was thrown ---
   at System.Threading.Tasks.Task.ExecuteWithThreadLocal(Task& currentTaskSlot)
--- End of stack trace from previous location where exception was thrown ---
   at Microsoft.EntityFrameworkCore.Storage.Internal.RelationalCommand.ExecuteAsync(IRelationalConnection connection, DbCommandMethod executeMethod, IReadOnlyDictionary`2 parameterValues, CancellationToken cancellationToken)
ClientConnectionId:e8be8374-7779-47b5-962f-8b525ee67be4
Error Number:208,State:1,Class:16|url: https://localhost/category/|action: Get
2019-03-28 21:32:21.9631|10100|ERROR|Microsoft.EntityFrameworkCore.Query|An exception occurred while iterating over the results of a query for context type 'OGL.Infrastructure.EF.OglContext'.
System.Data.SqlClient.SqlException (0x80131904): Invalid object name 'Categories'.
   at System.Data.SqlClient.SqlCommand.<>c.<ExecuteDbDataReaderAsync>b__122_0(Task`1 result)
   at System.Threading.Tasks.ContinuationResultTaskFromResultTask`2.InnerInvoke()
   at System.Threading.ExecutionContext.RunInternal(ExecutionContext executionContext, ContextCallback callback, Object state)
--- End of stack trace from previous location where exception was thrown ---
   at System.Threading.Tasks.Task.ExecuteWithThreadLocal(Task& currentTaskSlot)
--- End of stack trace from previous location where exception was thrown ---
   at Microsoft.EntityFrameworkCore.Storage.Internal.RelationalCommand.ExecuteAsync(IRelationalConnection connection, DbCommandMethod executeMethod, IReadOnlyDictionary`2 parameterValues, CancellationToken cancellationToken)
   at Microsoft.EntityFrameworkCore.Query.Internal.AsyncQueryingEnumerable`1.AsyncEnumerator.BufferlessMoveNext(DbContext _, Boolean buffer, CancellationToken cancellationToken)
   at Microsoft.EntityFrameworkCore.SqlServer.Storage.Internal.SqlServerExecutionStrategy.ExecuteAsync[TState,TResult](TState state, Func`4 operation, Func`4 verifySucceeded, CancellationToken cancellationToken)
   at Microsoft.EntityFrameworkCore.Query.Internal.AsyncQueryingEnumerable`1.AsyncEnumerator.MoveNext(CancellationToken cancellationToken)
   at System.Linq.AsyncEnumerable.SelectEnumerableAsyncIterator`2.MoveNextCore(CancellationToken cancellationToken) in D:\a\1\s\Ix.NET\Source\System.Interactive.Async\Select.cs:line 106
   at System.Linq.AsyncEnumerable.AsyncIterator`1.MoveNext(CancellationToken cancellationToken) in D:\a\1\s\Ix.NET\Source\System.Interactive.Async\AsyncIterator.cs:line 98
   at Microsoft.EntityFrameworkCore.Query.Internal.AsyncLinqOperatorProvider.ExceptionInterceptor`1.EnumeratorExceptionInterceptor.MoveNext(CancellationToken cancellationToken)
ClientConnectionId:e8be8374-7779-47b5-962f-8b525ee67be4
Error Number:208,State:1,Class:16 System.Data.SqlClient.SqlException (0x80131904): Invalid object name 'Categories'.
   at System.Data.SqlClient.SqlCommand.<>c.<ExecuteDbDataReaderAsync>b__122_0(Task`1 result)
   at System.Threading.Tasks.ContinuationResultTaskFromResultTask`2.InnerInvoke()
   at System.Threading.ExecutionContext.RunInternal(ExecutionContext executionContext, ContextCallback callback, Object state)
--- End of stack trace from previous location where exception was thrown ---
   at System.Threading.Tasks.Task.ExecuteWithThreadLocal(Task& currentTaskSlot)
--- End of stack trace from previous location where exception was thrown ---
   at Microsoft.EntityFrameworkCore.Storage.Internal.RelationalCommand.ExecuteAsync(IRelationalConnection connection, DbCommandMethod executeMethod, IReadOnlyDictionary`2 parameterValues, CancellationToken cancellationToken)
   at Microsoft.EntityFrameworkCore.Query.Internal.AsyncQueryingEnumerable`1.AsyncEnumerator.BufferlessMoveNext(DbContext _, Boolean buffer, CancellationToken cancellationToken)
   at Microsoft.EntityFrameworkCore.SqlServer.Storage.Internal.SqlServerExecutionStrategy.ExecuteAsync[TState,TResult](TState state, Func`4 operation, Func`4 verifySucceeded, CancellationToken cancellationToken)
   at Microsoft.EntityFrameworkCore.Query.Internal.AsyncQueryingEnumerable`1.AsyncEnumerator.MoveNext(CancellationToken cancellationToken)
   at System.Linq.AsyncEnumerable.SelectEnumerableAsyncIterator`2.MoveNextCore(CancellationToken cancellationToken) in D:\a\1\s\Ix.NET\Source\System.Interactive.Async\Select.cs:line 106
   at System.Linq.AsyncEnumerable.AsyncIterator`1.MoveNext(CancellationToken cancellationToken) in D:\a\1\s\Ix.NET\Source\System.Interactive.Async\AsyncIterator.cs:line 98
   at Microsoft.EntityFrameworkCore.Query.Internal.AsyncLinqOperatorProvider.ExceptionInterceptor`1.EnumeratorExceptionInterceptor.MoveNext(CancellationToken cancellationToken)
ClientConnectionId:e8be8374-7779-47b5-962f-8b525ee67be4
Error Number:208,State:1,Class:16|url: https://localhost/category/|action: Get
2019-03-28 21:32:22.2346|1|ERROR|Microsoft.AspNetCore.Diagnostics.DeveloperExceptionPageMiddleware|An unhandled exception has occurred while executing the request. System.Data.SqlClient.SqlException (0x80131904): Invalid object name 'Categories'.
   at System.Data.SqlClient.SqlCommand.<>c.<ExecuteDbDataReaderAsync>b__122_0(Task`1 result)
   at System.Threading.Tasks.ContinuationResultTaskFromResultTask`2.InnerInvoke()
   at System.Threading.ExecutionContext.RunInternal(ExecutionContext executionContext, ContextCallback callback, Object state)
--- End of stack trace from previous location where exception was thrown ---
   at System.Threading.Tasks.Task.ExecuteWithThreadLocal(Task& currentTaskSlot)
--- End of stack trace from previous location where exception was thrown ---
   at Microsoft.EntityFrameworkCore.Storage.Internal.RelationalCommand.ExecuteAsync(IRelationalConnection connection, DbCommandMethod executeMethod, IReadOnlyDictionary`2 parameterValues, CancellationToken cancellationToken)
   at Microsoft.EntityFrameworkCore.Query.Internal.AsyncQueryingEnumerable`1.AsyncEnumerator.BufferlessMoveNext(DbContext _, Boolean buffer, CancellationToken cancellationToken)
   at Microsoft.EntityFrameworkCore.SqlServer.Storage.Internal.SqlServerExecutionStrategy.ExecuteAsync[TState,TResult](TState state, Func`4 operation, Func`4 verifySucceeded, CancellationToken cancellationToken)
   at Microsoft.EntityFrameworkCore.Query.Internal.AsyncQueryingEnumerable`1.AsyncEnumerator.MoveNext(CancellationToken cancellationToken)
   at System.Linq.AsyncEnumerable.SelectEnumerableAsyncIterator`2.MoveNextCore(CancellationToken cancellationToken) in D:\a\1\s\Ix.NET\Source\System.Interactive.Async\Select.cs:line 106
   at System.Linq.AsyncEnumerable.AsyncIterator`1.MoveNext(CancellationToken cancellationToken) in D:\a\1\s\Ix.NET\Source\System.Interactive.Async\AsyncIterator.cs:line 98
   at Microsoft.EntityFrameworkCore.Query.Internal.AsyncLinqOperatorProvider.ExceptionInterceptor`1.EnumeratorExceptionInterceptor.MoveNext(CancellationToken cancellationToken)
   at System.Linq.AsyncEnumerable.Aggregate_[TSource,TAccumulate,TResult](IAsyncEnumerable`1 source, TAccumulate seed, Func`3 accumulator, Func`2 resultSelector, CancellationToken cancellationToken) in D:\a\1\s\Ix.NET\Source\System.Interactive.Async\Aggregate.cs:line 120
   at OGL.Infrastructure.Repositories.CategorySqlRepo.GetAllAsync() in C:\Users\Tomasz\Desktop\Programowanie\C#\OGL\OGL.Infrastructure\Repositories\CategorySqlRepo.cs:line 33
   at OGL.Infrastructure.Services.CategoryService.BrowseAsync() in C:\Users\Tomasz\Desktop\Programowanie\C#\OGL\OGL.Infrastructure\Services\CategoryService.cs:line 27
   at Ogl.Web.Controllers.CategoryController.Get() in C:\Users\Tomasz\Desktop\Programowanie\C#\OGL\Ogl.Web\Controllers\CategoryController.cs:line 24
   at Microsoft.AspNetCore.Mvc.Internal.ActionMethodExecutor.TaskOfIActionResultExecutor.Execute(IActionResultTypeMapper mapper, ObjectMethodExecutor executor, Object controller, Object[] arguments)
   at Microsoft.AspNetCore.Mvc.Internal.ControllerActionInvoker.InvokeActionMethodAsync()
   at Microsoft.AspNetCore.Mvc.Internal.ControllerActionInvoker.InvokeNextActionFilterAsync()
   at Microsoft.AspNetCore.Mvc.Internal.ControllerActionInvoker.Rethrow(ActionExecutedContext context)
   at Microsoft.AspNetCore.Mvc.Internal.ControllerActionInvoker.Next(State& next, Scope& scope, Object& state, Boolean& isCompleted)
   at Microsoft.AspNetCore.Mvc.Internal.ControllerActionInvoker.InvokeInnerFilterAsync()
   at Microsoft.AspNetCore.Mvc.Internal.ResourceInvoker.InvokeNextResourceFilter()
   at Microsoft.AspNetCore.Mvc.Internal.ResourceInvoker.Rethrow(ResourceExecutedContext context)
   at Microsoft.AspNetCore.Mvc.Internal.ResourceInvoker.Next(State& next, Scope& scope, Object& state, Boolean& isCompleted)
   at Microsoft.AspNetCore.Mvc.Internal.ResourceInvoker.InvokeFilterPipelineAsync()
   at Microsoft.AspNetCore.Mvc.Internal.ResourceInvoker.InvokeAsync()
   at Microsoft.AspNetCore.Builder.RouterMiddleware.Invoke(HttpContext httpContext)
   at Microsoft.AspNetCore.Authentication.AuthenticationMiddleware.Invoke(HttpContext context)
   at Microsoft.AspNetCore.Diagnostics.DeveloperExceptionPageMiddleware.Invoke(HttpContext context)
ClientConnectionId:e8be8374-7779-47b5-962f-8b525ee67be4
Error Number:208,State:1,Class:16|url: https://localhost/category/|action: Get
