2019-03-09 18:37:54.9783||DEBUG|OGL.Web.Program|init main 
2019-03-09 18:37:59.5849||INFO|Microsoft.AspNetCore.DataProtection.KeyManagement.XmlKeyManager|User profile is available. Using 'C:\Users\Tomasz\AppData\Local\ASP.NET\DataProtection-Keys' as key repository and Windows DPAPI to encrypt keys at rest. 
2019-03-09 18:38:00.0727|1|INFO|Microsoft.AspNetCore.Hosting.Internal.WebHost|Request starting HTTP/2.0 GET https://localhost:44333/   
2019-03-09 18:38:00.4844|2|INFO|Microsoft.AspNetCore.Hosting.Internal.WebHost|Request finished in 404.4122ms 404  
2019-03-09 18:38:47.8107||DEBUG|OGL.Web.Program|init main 
2019-03-09 18:38:50.1982||INFO|Microsoft.AspNetCore.DataProtection.KeyManagement.XmlKeyManager|User profile is available. Using 'C:\Users\Tomasz\AppData\Local\ASP.NET\DataProtection-Keys' as key repository and Windows DPAPI to encrypt keys at rest. 
2019-03-09 18:38:50.5883|1|INFO|Microsoft.AspNetCore.Hosting.Internal.WebHost|Request starting HTTP/2.0 GET https://localhost:44333/   
2019-03-09 18:38:50.8709|2|INFO|Microsoft.AspNetCore.Hosting.Internal.WebHost|Request finished in 283.1617ms 404  
2019-03-09 18:39:51.6695|1|INFO|Microsoft.AspNetCore.Hosting.Internal.WebHost|Request starting HTTP/2.0 GET https://localhost:44333/users   
2019-03-09 18:39:51.6790|2|INFO|Microsoft.AspNetCore.Hosting.Internal.WebHost|Request finished in 9.5576ms 404  
2019-03-09 18:40:26.0524|1|INFO|Microsoft.AspNetCore.Hosting.Internal.WebHost|Request starting HTTP/2.0 GET https://localhost:44333/users/user1@email.com   
2019-03-09 18:40:26.0668|2|INFO|Microsoft.AspNetCore.Hosting.Internal.WebHost|Request finished in 14.4471ms 404  
2019-03-09 18:40:41.4505|1|INFO|Microsoft.AspNetCore.Hosting.Internal.WebHost|Request starting HTTP/2.0 GET https://localhost:44333/users/user1@email.com   
2019-03-09 18:40:41.4539|2|INFO|Microsoft.AspNetCore.Hosting.Internal.WebHost|Request finished in 3.3653ms 404  
2019-03-09 18:41:26.1186||DEBUG|OGL.Web.Program|init main 
2019-03-09 18:41:28.6178||INFO|Microsoft.AspNetCore.DataProtection.KeyManagement.XmlKeyManager|User profile is available. Using 'C:\Users\Tomasz\AppData\Local\ASP.NET\DataProtection-Keys' as key repository and Windows DPAPI to encrypt keys at rest. 
2019-03-09 18:41:29.0228|1|INFO|Microsoft.AspNetCore.Hosting.Internal.WebHost|Request starting HTTP/2.0 GET https://localhost:44333/   
2019-03-09 18:41:29.3043|2|INFO|Microsoft.AspNetCore.Hosting.Internal.WebHost|Request finished in 282.0572ms 404  
2019-03-09 18:41:34.9339|1|INFO|Microsoft.AspNetCore.Hosting.Internal.WebHost|Request starting HTTP/2.0 GET https://localhost:44333/users/user1@email.com   
2019-03-09 18:41:35.0204|1|INFO|Microsoft.AspNetCore.Mvc.Internal.ControllerActionInvoker|Route matched with {action = "GetAsync", controller = "Users"}. Executing action OGL.Api.Controllers.UsersController.GetAsync (Ogl.Web) 
2019-03-09 18:41:35.0486|2|INFO|Microsoft.AspNetCore.Mvc.Internal.ControllerActionInvoker|Executed action OGL.Api.Controllers.UsersController.GetAsync (Ogl.Web) in 23.4098ms 
2019-03-09 18:41:35.0486|1|ERROR|Microsoft.AspNetCore.Diagnostics.DeveloperExceptionPageMiddleware|An unhandled exception has occurred while executing the request. Autofac.Core.DependencyResolutionException: An error occurred during the activation of a particular registration. See the inner exception for details. Registration: Activator = UserService (ReflectionActivator), Services = [OGL.Infrastructure.Services.IUserService, OGL.Infrastructure.Services.IService], Lifetime = Autofac.Core.Lifetime.CurrentScopeLifetime, Sharing = Shared, Ownership = OwnedByLifetimeScope ---> None of the constructors found with 'Autofac.Core.Activators.Reflection.DefaultConstructorFinder' on type 'OGL.Infrastructure.Services.UserService' can be invoked with the available services and parameters:
Cannot resolve parameter 'OGL.Infrastructure.Services.IEncrypter encrypter' of constructor 'Void .ctor(OGL.Core.Repositories.IUserRepository, AutoMapper.IMapper, OGL.Infrastructure.Services.IEncrypter)'. (See inner exception for details.) ---> Autofac.Core.DependencyResolutionException: None of the constructors found with 'Autofac.Core.Activators.Reflection.DefaultConstructorFinder' on type 'OGL.Infrastructure.Services.UserService' can be invoked with the available services and parameters:
Cannot resolve parameter 'OGL.Infrastructure.Services.IEncrypter encrypter' of constructor 'Void .ctor(OGL.Core.Repositories.IUserRepository, AutoMapper.IMapper, OGL.Infrastructure.Services.IEncrypter)'.
   at Autofac.Core.Activators.Reflection.ReflectionActivator.GetValidConstructorBindings(IComponentContext context, IEnumerable`1 parameters) in C:\projects\autofac\src\Autofac\Core\Activators\Reflection\ReflectionActivator.cs:line 160
   at Autofac.Core.Activators.Reflection.ReflectionActivator.ActivateInstance(IComponentContext context, IEnumerable`1 parameters) in C:\projects\autofac\src\Autofac\Core\Activators\Reflection\ReflectionActivator.cs:line 120
   at Autofac.Core.Resolving.InstanceLookup.Activate(IEnumerable`1 parameters, Object& decoratorTarget) in C:\projects\autofac\src\Autofac\Core\Resolving\InstanceLookup.cs:line 115
   --- End of inner exception stack trace ---
   at Autofac.Core.Resolving.InstanceLookup.Activate(IEnumerable`1 parameters, Object& decoratorTarget) in C:\projects\autofac\src\Autofac\Core\Resolving\InstanceLookup.cs:line 133
   at Autofac.Core.Lifetime.LifetimeScope.GetOrCreateAndShare(Guid id, Func`1 creator) in C:\projects\autofac\src\Autofac\Core\Lifetime\LifetimeScope.cs:line 306
   at Autofac.Core.Resolving.InstanceLookup.Execute() in C:\projects\autofac\src\Autofac\Core\Resolving\InstanceLookup.cs:line 82
   at Autofac.Core.Resolving.ResolveOperation.GetOrCreateInstance(ISharingLifetimeScope currentOperationScope, IComponentRegistration registration, IEnumerable`1 parameters) in C:\projects\autofac\src\Autofac\Core\Resolving\ResolveOperation.cs:line 130
   at Autofac.Core.Resolving.ResolveOperation.Execute(IComponentRegistration registration, IEnumerable`1 parameters) in C:\projects\autofac\src\Autofac\Core\Resolving\ResolveOperation.cs:line 83
   at Autofac.ResolutionExtensions.TryResolveService(IComponentContext context, Service service, IEnumerable`1 parameters, Object& instance) in C:\projects\autofac\src\Autofac\ResolutionExtensions.cs:line 1041
   at Autofac.ResolutionExtensions.ResolveOptionalService(IComponentContext context, Service service, IEnumerable`1 parameters) in C:\projects\autofac\src\Autofac\ResolutionExtensions.cs:line 814
   at Microsoft.Extensions.DependencyInjection.ActivatorUtilities.GetService(IServiceProvider sp, Type type, Type requiredBy, Boolean isDefaultParameterRequired)
   at lambda_method(Closure , IServiceProvider , Object[] )
   at Microsoft.AspNetCore.Mvc.Controllers.ControllerFactoryProvider.<>c__DisplayClass5_0.<CreateControllerFactory>g__CreateController|0(ControllerContext controllerContext)
   at Microsoft.AspNetCore.Mvc.Internal.ControllerActionInvoker.Next(State& next, Scope& scope, Object& state, Boolean& isCompleted)
   at Microsoft.AspNetCore.Mvc.Internal.ControllerActionInvoker.InvokeInnerFilterAsync()
   at Microsoft.AspNetCore.Mvc.Internal.ResourceInvoker.InvokeNextResourceFilter()
   at Microsoft.AspNetCore.Mvc.Internal.ResourceInvoker.Rethrow(ResourceExecutedContext context)
   at Microsoft.AspNetCore.Mvc.Internal.ResourceInvoker.Next(State& next, Scope& scope, Object& state, Boolean& isCompleted)
   at Microsoft.AspNetCore.Mvc.Internal.ResourceInvoker.InvokeFilterPipelineAsync()
   at Microsoft.AspNetCore.Mvc.Internal.ResourceInvoker.InvokeAsync()
   at Microsoft.AspNetCore.Builder.RouterMiddleware.Invoke(HttpContext httpContext)
   at Microsoft.AspNetCore.Authentication.AuthenticationMiddleware.Invoke(HttpContext context)
   at Microsoft.AspNetCore.Diagnostics.DeveloperExceptionPageMiddleware.Invoke(HttpContext context)
2019-03-09 18:41:35.1975|2|INFO|Microsoft.AspNetCore.Hosting.Internal.WebHost|Request finished in 263.6015ms 500 text/html; charset=utf-8 
2019-03-09 18:41:35.5927|1|INFO|Microsoft.AspNetCore.Hosting.Internal.WebHost|Request starting HTTP/2.0 GET https://localhost:44333/favicon.ico   
2019-03-09 18:41:35.5951|2|INFO|Microsoft.AspNetCore.Hosting.Internal.WebHost|Request finished in 2.3908ms 404  
2019-03-09 19:11:07.7093||DEBUG|OGL.Web.Program|init main 
2019-03-09 19:11:10.3104||INFO|Microsoft.AspNetCore.DataProtection.KeyManagement.XmlKeyManager|User profile is available. Using 'C:\Users\Tomasz\AppData\Local\ASP.NET\DataProtection-Keys' as key repository and Windows DPAPI to encrypt keys at rest. 
2019-03-09 19:11:10.7017|1|INFO|Microsoft.AspNetCore.Hosting.Internal.WebHost|Request starting HTTP/2.0 GET https://localhost:44333/   
2019-03-09 19:11:10.9939|2|INFO|Microsoft.AspNetCore.Hosting.Internal.WebHost|Request finished in 292.6131ms 404  
2019-03-09 19:14:59.8541||DEBUG|OGL.Web.Program|init main 
2019-03-09 19:15:02.3603||INFO|Microsoft.AspNetCore.DataProtection.KeyManagement.XmlKeyManager|User profile is available. Using 'C:\Users\Tomasz\AppData\Local\ASP.NET\DataProtection-Keys' as key repository and Windows DPAPI to encrypt keys at rest. 
2019-03-09 19:15:02.7823|1|INFO|Microsoft.AspNetCore.Hosting.Internal.WebHost|Request starting HTTP/2.0 GET https://localhost:44333/   
2019-03-09 19:15:03.0930|2|INFO|Microsoft.AspNetCore.Hosting.Internal.WebHost|Request finished in 311.337ms 404  
2019-03-09 19:15:10.1885|1|INFO|Microsoft.AspNetCore.Hosting.Internal.WebHost|Request starting HTTP/2.0 GET https://localhost:44333/users/   
2019-03-09 19:15:10.2138|2|INFO|Microsoft.AspNetCore.Hosting.Internal.WebHost|Request finished in 25.3414ms 404  
2019-03-09 19:15:26.5274|1|INFO|Microsoft.AspNetCore.Hosting.Internal.WebHost|Request starting HTTP/2.0 GET https://localhost:44333/users/user1@email.com   
2019-03-09 19:15:26.6088|1|INFO|Microsoft.AspNetCore.Mvc.Internal.ControllerActionInvoker|Route matched with {action = "GetAsync", controller = "Users"}. Executing action OGL.Api.Controllers.UsersController.GetAsync (Ogl.Web) 
2019-03-09 19:15:26.6612|2|INFO|Microsoft.AspNetCore.Mvc.Internal.ControllerActionInvoker|Executed action OGL.Api.Controllers.UsersController.GetAsync (Ogl.Web) in 22.6503ms 
2019-03-09 19:15:26.6612|1|ERROR|Microsoft.AspNetCore.Diagnostics.DeveloperExceptionPageMiddleware|An unhandled exception has occurred while executing the request. Autofac.Core.DependencyResolutionException: An error occurred during the activation of a particular registration. See the inner exception for details. Registration: Activator = UserService (ReflectionActivator), Services = [OGL.Infrastructure.Services.IUserService, OGL.Infrastructure.Services.IService], Lifetime = Autofac.Core.Lifetime.CurrentScopeLifetime, Sharing = Shared, Ownership = OwnedByLifetimeScope ---> None of the constructors found with 'Autofac.Core.Activators.Reflection.DefaultConstructorFinder' on type 'OGL.Infrastructure.Services.UserService' can be invoked with the available services and parameters:
Cannot resolve parameter 'OGL.Infrastructure.Services.IEncrypter encrypter' of constructor 'Void .ctor(OGL.Core.Repositories.IUserRepository, AutoMapper.IMapper, OGL.Infrastructure.Services.IEncrypter)'. (See inner exception for details.) ---> Autofac.Core.DependencyResolutionException: None of the constructors found with 'Autofac.Core.Activators.Reflection.DefaultConstructorFinder' on type 'OGL.Infrastructure.Services.UserService' can be invoked with the available services and parameters:
Cannot resolve parameter 'OGL.Infrastructure.Services.IEncrypter encrypter' of constructor 'Void .ctor(OGL.Core.Repositories.IUserRepository, AutoMapper.IMapper, OGL.Infrastructure.Services.IEncrypter)'.
   at Autofac.Core.Activators.Reflection.ReflectionActivator.GetValidConstructorBindings(IComponentContext context, IEnumerable`1 parameters) in C:\projects\autofac\src\Autofac\Core\Activators\Reflection\ReflectionActivator.cs:line 160
   at Autofac.Core.Activators.Reflection.ReflectionActivator.ActivateInstance(IComponentContext context, IEnumerable`1 parameters) in C:\projects\autofac\src\Autofac\Core\Activators\Reflection\ReflectionActivator.cs:line 120
   at Autofac.Core.Resolving.InstanceLookup.Activate(IEnumerable`1 parameters, Object& decoratorTarget) in C:\projects\autofac\src\Autofac\Core\Resolving\InstanceLookup.cs:line 115
   --- End of inner exception stack trace ---
   at Autofac.Core.Resolving.InstanceLookup.Activate(IEnumerable`1 parameters, Object& decoratorTarget) in C:\projects\autofac\src\Autofac\Core\Resolving\InstanceLookup.cs:line 133
   at Autofac.Core.Lifetime.LifetimeScope.GetOrCreateAndShare(Guid id, Func`1 creator) in C:\projects\autofac\src\Autofac\Core\Lifetime\LifetimeScope.cs:line 306
   at Autofac.Core.Resolving.InstanceLookup.Execute() in C:\projects\autofac\src\Autofac\Core\Resolving\InstanceLookup.cs:line 82
   at Autofac.Core.Resolving.ResolveOperation.GetOrCreateInstance(ISharingLifetimeScope currentOperationScope, IComponentRegistration registration, IEnumerable`1 parameters) in C:\projects\autofac\src\Autofac\Core\Resolving\ResolveOperation.cs:line 130
   at Autofac.Core.Resolving.ResolveOperation.Execute(IComponentRegistration registration, IEnumerable`1 parameters) in C:\projects\autofac\src\Autofac\Core\Resolving\ResolveOperation.cs:line 83
   at Autofac.ResolutionExtensions.TryResolveService(IComponentContext context, Service service, IEnumerable`1 parameters, Object& instance) in C:\projects\autofac\src\Autofac\ResolutionExtensions.cs:line 1041
   at Autofac.ResolutionExtensions.ResolveOptionalService(IComponentContext context, Service service, IEnumerable`1 parameters) in C:\projects\autofac\src\Autofac\ResolutionExtensions.cs:line 814
   at Microsoft.Extensions.DependencyInjection.ActivatorUtilities.GetService(IServiceProvider sp, Type type, Type requiredBy, Boolean isDefaultParameterRequired)
   at lambda_method(Closure , IServiceProvider , Object[] )
   at Microsoft.AspNetCore.Mvc.Controllers.ControllerFactoryProvider.<>c__DisplayClass5_0.<CreateControllerFactory>g__CreateController|0(ControllerContext controllerContext)
   at Microsoft.AspNetCore.Mvc.Internal.ControllerActionInvoker.Next(State& next, Scope& scope, Object& state, Boolean& isCompleted)
   at Microsoft.AspNetCore.Mvc.Internal.ControllerActionInvoker.InvokeInnerFilterAsync()
   at Microsoft.AspNetCore.Mvc.Internal.ResourceInvoker.InvokeNextResourceFilter()
   at Microsoft.AspNetCore.Mvc.Internal.ResourceInvoker.Rethrow(ResourceExecutedContext context)
   at Microsoft.AspNetCore.Mvc.Internal.ResourceInvoker.Next(State& next, Scope& scope, Object& state, Boolean& isCompleted)
   at Microsoft.AspNetCore.Mvc.Internal.ResourceInvoker.InvokeFilterPipelineAsync()
   at Microsoft.AspNetCore.Mvc.Internal.ResourceInvoker.InvokeAsync()
   at Microsoft.AspNetCore.Builder.RouterMiddleware.Invoke(HttpContext httpContext)
   at Microsoft.AspNetCore.Authentication.AuthenticationMiddleware.Invoke(HttpContext context)
   at Microsoft.AspNetCore.Diagnostics.DeveloperExceptionPageMiddleware.Invoke(HttpContext context)
2019-03-09 19:15:26.7759|2|INFO|Microsoft.AspNetCore.Hosting.Internal.WebHost|Request finished in 248.6307ms 500 text/html; charset=utf-8 
2019-03-09 19:15:27.1678|1|INFO|Microsoft.AspNetCore.Hosting.Internal.WebHost|Request starting HTTP/2.0 GET https://localhost:44333/users/user1@email.com   
2019-03-09 19:15:27.1678|1|INFO|Microsoft.AspNetCore.Mvc.Internal.ControllerActionInvoker|Route matched with {action = "GetAsync", controller = "Users"}. Executing action OGL.Api.Controllers.UsersController.GetAsync (Ogl.Web) 
2019-03-09 19:15:27.1726|2|INFO|Microsoft.AspNetCore.Mvc.Internal.ControllerActionInvoker|Executed action OGL.Api.Controllers.UsersController.GetAsync (Ogl.Web) in 1.5619ms 
2019-03-09 19:15:27.1726|1|ERROR|Microsoft.AspNetCore.Diagnostics.DeveloperExceptionPageMiddleware|An unhandled exception has occurred while executing the request. Autofac.Core.DependencyResolutionException: An error occurred during the activation of a particular registration. See the inner exception for details. Registration: Activator = UserService (ReflectionActivator), Services = [OGL.Infrastructure.Services.IUserService, OGL.Infrastructure.Services.IService], Lifetime = Autofac.Core.Lifetime.CurrentScopeLifetime, Sharing = Shared, Ownership = OwnedByLifetimeScope ---> None of the constructors found with 'Autofac.Core.Activators.Reflection.DefaultConstructorFinder' on type 'OGL.Infrastructure.Services.UserService' can be invoked with the available services and parameters:
Cannot resolve parameter 'OGL.Infrastructure.Services.IEncrypter encrypter' of constructor 'Void .ctor(OGL.Core.Repositories.IUserRepository, AutoMapper.IMapper, OGL.Infrastructure.Services.IEncrypter)'. (See inner exception for details.) ---> Autofac.Core.DependencyResolutionException: None of the constructors found with 'Autofac.Core.Activators.Reflection.DefaultConstructorFinder' on type 'OGL.Infrastructure.Services.UserService' can be invoked with the available services and parameters:
Cannot resolve parameter 'OGL.Infrastructure.Services.IEncrypter encrypter' of constructor 'Void .ctor(OGL.Core.Repositories.IUserRepository, AutoMapper.IMapper, OGL.Infrastructure.Services.IEncrypter)'.
   at Autofac.Core.Activators.Reflection.ReflectionActivator.GetValidConstructorBindings(IComponentContext context, IEnumerable`1 parameters) in C:\projects\autofac\src\Autofac\Core\Activators\Reflection\ReflectionActivator.cs:line 160
   at Autofac.Core.Activators.Reflection.ReflectionActivator.ActivateInstance(IComponentContext context, IEnumerable`1 parameters) in C:\projects\autofac\src\Autofac\Core\Activators\Reflection\ReflectionActivator.cs:line 120
   at Autofac.Core.Resolving.InstanceLookup.Activate(IEnumerable`1 parameters, Object& decoratorTarget) in C:\projects\autofac\src\Autofac\Core\Resolving\InstanceLookup.cs:line 115
   --- End of inner exception stack trace ---
   at Autofac.Core.Resolving.InstanceLookup.Activate(IEnumerable`1 parameters, Object& decoratorTarget) in C:\projects\autofac\src\Autofac\Core\Resolving\InstanceLookup.cs:line 133
   at Autofac.Core.Lifetime.LifetimeScope.GetOrCreateAndShare(Guid id, Func`1 creator) in C:\projects\autofac\src\Autofac\Core\Lifetime\LifetimeScope.cs:line 306
   at Autofac.Core.Resolving.InstanceLookup.Execute() in C:\projects\autofac\src\Autofac\Core\Resolving\InstanceLookup.cs:line 82
   at Autofac.Core.Resolving.ResolveOperation.GetOrCreateInstance(ISharingLifetimeScope currentOperationScope, IComponentRegistration registration, IEnumerable`1 parameters) in C:\projects\autofac\src\Autofac\Core\Resolving\ResolveOperation.cs:line 130
   at Autofac.Core.Resolving.ResolveOperation.Execute(IComponentRegistration registration, IEnumerable`1 parameters) in C:\projects\autofac\src\Autofac\Core\Resolving\ResolveOperation.cs:line 83
   at Autofac.ResolutionExtensions.TryResolveService(IComponentContext context, Service service, IEnumerable`1 parameters, Object& instance) in C:\projects\autofac\src\Autofac\ResolutionExtensions.cs:line 1041
   at Autofac.ResolutionExtensions.ResolveOptionalService(IComponentContext context, Service service, IEnumerable`1 parameters) in C:\projects\autofac\src\Autofac\ResolutionExtensions.cs:line 814
   at Microsoft.Extensions.DependencyInjection.ActivatorUtilities.GetService(IServiceProvider sp, Type type, Type requiredBy, Boolean isDefaultParameterRequired)
   at lambda_method(Closure , IServiceProvider , Object[] )
   at Microsoft.AspNetCore.Mvc.Controllers.ControllerFactoryProvider.<>c__DisplayClass5_0.<CreateControllerFactory>g__CreateController|0(ControllerContext controllerContext)
   at Microsoft.AspNetCore.Mvc.Internal.ControllerActionInvoker.Next(State& next, Scope& scope, Object& state, Boolean& isCompleted)
   at Microsoft.AspNetCore.Mvc.Internal.ControllerActionInvoker.InvokeInnerFilterAsync()
   at Microsoft.AspNetCore.Mvc.Internal.ResourceInvoker.InvokeNextResourceFilter()
   at Microsoft.AspNetCore.Mvc.Internal.ResourceInvoker.Rethrow(ResourceExecutedContext context)
   at Microsoft.AspNetCore.Mvc.Internal.ResourceInvoker.Next(State& next, Scope& scope, Object& state, Boolean& isCompleted)
   at Microsoft.AspNetCore.Mvc.Internal.ResourceInvoker.InvokeFilterPipelineAsync()
   at Microsoft.AspNetCore.Mvc.Internal.ResourceInvoker.InvokeAsync()
   at Microsoft.AspNetCore.Builder.RouterMiddleware.Invoke(HttpContext httpContext)
   at Microsoft.AspNetCore.Authentication.AuthenticationMiddleware.Invoke(HttpContext context)
   at Microsoft.AspNetCore.Diagnostics.DeveloperExceptionPageMiddleware.Invoke(HttpContext context)
2019-03-09 19:15:27.1726|2|INFO|Microsoft.AspNetCore.Hosting.Internal.WebHost|Request finished in 15.8884ms 500 text/html; charset=utf-8 
